[ 2020-03-06T11:11:34+08:00 ] 127.0.0.1 /admin.php
INFO: [ app_init ] --START--
INFO: Run Behavior\BuildLiteBehavior [ RunTime:0.000018s ]
INFO: [ app_init ] --END-- [ RunTime:0.002333s ]
INFO: [ app_begin ] --START--
INFO: Run Behavior\ReadHtmlCacheBehavior [ RunTime:0.001723s ]
INFO: [ app_begin ] --END-- [ RunTime:0.001788s ]
NOTIC: [8] Undefined variable: sing_path D:\phpstudy_pro\WWW\singcms\ThinkPHP\Common\functions.php 第 991 行.
NOTIC: [8] Undefined variable: module D:\phpstudy_pro\WWW\singcms\ThinkPHP\Common\functions.php 第 994 行.
NOTIC: [8] Undefined variable: var D:\phpstudy_pro\WWW\singcms\ThinkPHP\Common\functions.php 第 997 行.
NOTIC: [2] array_reverse() expects parameter 1 to be array, null given D:\phpstudy_pro\WWW\singcms\ThinkPHP\Common\functions.php 第 997 行.
NOTIC: [2] http_build_query(): Parameter 1 expected to be Array or Object.  Incorrect value given D:\phpstudy_pro\WWW\singcms\ThinkPHP\Common\functions.php 第 997 行.

[ 2020-03-06T11:11:34+08:00 ] 127.0.0.1 /admin.php?&c=login
INFO: [ app_init ] --START--
INFO: Run Behavior\BuildLiteBehavior [ RunTime:0.000006s ]
INFO: [ app_init ] --END-- [ RunTime:0.000406s ]
INFO: [ app_begin ] --START--
INFO: Run Behavior\ReadHtmlCacheBehavior [ RunTime:0.000419s ]
INFO: [ app_begin ] --END-- [ RunTime:0.000436s ]
INFO: [ view_parse ] --START--
INFO: [ template_filter ] --START--
INFO: Run Behavior\ContentReplaceBehavior [ RunTime:0.000014s ]
INFO: [ template_filter ] --END-- [ RunTime:0.000030s ]
INFO: Run Behavior\ParseTemplateBehavior [ RunTime:0.003238s ]
INFO: [ view_parse ] --END-- [ RunTime:0.003256s ]
INFO: [ view_filter ] --START--
INFO: Run Behavior\WriteHtmlCacheBehavior [ RunTime:0.000279s ]
INFO: [ view_filter ] --END-- [ RunTime:0.000294s ]
INFO: [ app_end ] --START--
INFO: Run Behavior\ShowPageTraceBehavior [ RunTime:0.000417s ]
INFO: [ app_end ] --END-- [ RunTime:0.000430s ]

[ 2020-03-06T11:11:56+08:00 ] 127.0.0.1 /admin.php?c=login&a=check
INFO: [ app_init ] --START--
INFO: Run Behavior\BuildLiteBehavior [ RunTime:0.000004s ]
INFO: [ app_init ] --END-- [ RunTime:0.000263s ]
INFO: [ app_begin ] --START--
INFO: Run Behavior\ReadHtmlCacheBehavior [ RunTime:0.000371s ]
INFO: [ app_begin ] --END-- [ RunTime:0.000385s ]
SQL: SHOW COLUMNS FROM `cms_admin` [ RunTime:0.0068s ]
SQL: SELECT * FROM `cms_admin` WHERE ( username="admin" ) LIMIT 1   [ RunTime:0.0004s ]

[ 2020-03-06T11:12:00+08:00 ] 127.0.0.1 /admin.php?c=login&a=check
INFO: [ app_init ] --START--
INFO: Run Behavior\BuildLiteBehavior [ RunTime:0.000005s ]
INFO: [ app_init ] --END-- [ RunTime:0.000320s ]
INFO: [ app_begin ] --START--
INFO: Run Behavior\ReadHtmlCacheBehavior [ RunTime:0.000345s ]
INFO: [ app_begin ] --END-- [ RunTime:0.000360s ]
SQL: SHOW COLUMNS FROM `cms_admin` [ RunTime:0.0062s ]
SQL: SELECT * FROM `cms_admin` WHERE ( username="admin" ) LIMIT 1   [ RunTime:0.0003s ]
SQL: UPDATE `cms_admin` SET `lastlogintime`='1583464320' WHERE ( admin_id=1 ) [ RunTime:0.0280s ]

[ 2020-03-06T11:12:01+08:00 ] 127.0.0.1 /admin.php?c=index
INFO: [ app_init ] --START--
INFO: Run Behavior\BuildLiteBehavior [ RunTime:0.000004s ]
INFO: [ app_init ] --END-- [ RunTime:0.000304s ]
INFO: [ app_begin ] --START--
INFO: Run Behavior\ReadHtmlCacheBehavior [ RunTime:0.000482s ]
INFO: [ app_begin ] --END-- [ RunTime:0.000500s ]
NOTIC: [2] Declaration of Common\Model\NewsModel::find($id) should be compatible with Think\Model::find($options = Array) D:\phpstudy_pro\WWW\singcms\Application\Common\Model\NewsModel.class.php 第 9 行.
SQL: SHOW COLUMNS FROM `cms_news` [ RunTime:0.0063s ]
SQL: SELECT * FROM `cms_news` WHERE `status` = 1 ORDER BY count desc LIMIT 1   [ RunTime:0.0003s ]
SQL: SELECT COUNT(*) AS tp_count FROM `cms_news` WHERE `status` <> -1 LIMIT 1   [ RunTime:0.0002s ]
NOTIC: [2] Declaration of Common\Model\PositionModel::find($id) should be compatible with Think\Model::find($options = Array) D:\phpstudy_pro\WWW\singcms\Application\Common\Model\PositionModel.class.php 第 81 行.
SQL: SHOW COLUMNS FROM `cms_position` [ RunTime:0.0053s ]
SQL: SELECT COUNT(*) AS tp_count FROM `cms_position` WHERE `status` = 1 LIMIT 1   [ RunTime:0.0002s ]
SQL: SHOW COLUMNS FROM `cms_admin` [ RunTime:0.0033s ]
SQL: SELECT COUNT(*) AS tp_count FROM `cms_admin` WHERE `status` = 1 AND `lastlogintime` > 1583424000 LIMIT 1   [ RunTime:0.0002s ]
NOTIC: [2] Illegal string offset 'tp_count' D:\phpstudy_pro\WWW\singcms\Application\Common\Model\AdminModel.class.php 第 75 行.
INFO: [ view_parse ] --START--
INFO: [ template_filter ] --START--
INFO: Run Behavior\ContentReplaceBehavior [ RunTime:0.000022s ]
INFO: [ template_filter ] --END-- [ RunTime:0.000036s ]
NOTIC: [2] Declaration of Common\Model\MenuModel::find($id) should be compatible with Think\Model::find($options = Array) D:\phpstudy_pro\WWW\singcms\Application\Common\Model\MenuModel.class.php 第 92 行.
SQL: SHOW COLUMNS FROM `cms_menu` [ RunTime:0.0050s ]
SQL: SELECT * FROM `cms_menu` WHERE `status` <> -1 AND `type` = 1 ORDER BY listorder desc,menu_id desc  [ RunTime:0.0002s ]
NOTIC: [8] Undefined index: a D:\phpstudy_pro\WWW\singcms\Application\Common\Common\function.php 第 33 行.
NOTIC: [8] Undefined index: a D:\phpstudy_pro\WWW\singcms\Application\Common\Common\function.php 第 33 行.
NOTIC: [8] Undefined index: a D:\phpstudy_pro\WWW\singcms\Application\Common\Common\function.php 第 33 行.
NOTIC: [8] Undefined index: a D:\phpstudy_pro\WWW\singcms\Application\Common\Common\function.php 第 33 行.
NOTIC: [8] Undefined index: a D:\phpstudy_pro\WWW\singcms\Application\Common\Common\function.php 第 33 行.
NOTIC: [8] Undefined index: a D:\phpstudy_pro\WWW\singcms\Application\Common\Common\function.php 第 33 行.
INFO: Run Behavior\ParseTemplateBehavior [ RunTime:0.010157s ]
INFO: [ view_parse ] --END-- [ RunTime:0.010169s ]
INFO: [ view_filter ] --START--
INFO: Run Behavior\WriteHtmlCacheBehavior [ RunTime:0.000327s ]
INFO: [ view_filter ] --END-- [ RunTime:0.000338s ]
INFO: [ app_end ] --START--
INFO: Run Behavior\ShowPageTraceBehavior [ RunTime:0.000486s ]
INFO: [ app_end ] --END-- [ RunTime:0.000502s ]

[ 2020-03-06T11:12:05+08:00 ] 127.0.0.1 /admin.php?c=content&a=index
INFO: [ app_init ] --START--
INFO: Run Behavior\BuildLiteBehavior [ RunTime:0.000006s ]
INFO: [ app_init ] --END-- [ RunTime:0.000344s ]
INFO: [ app_begin ] --START--
INFO: Run Behavior\ReadHtmlCacheBehavior [ RunTime:0.001201s ]
INFO: [ app_begin ] --END-- [ RunTime:0.001249s ]
NOTIC: [2] Declaration of Admin\Controller\ContentController::setStatus() should be compatible with Admin\Controller\CommonController::setStatus($data, $models) D:\phpstudy_pro\WWW\singcms\Application\Admin\Controller\ContentController.class.php 第 12 行.
NOTIC: [2] Declaration of Admin\Controller\ContentController::listorder() should be compatible with Admin\Controller\CommonController::listorder($model = '') D:\phpstudy_pro\WWW\singcms\Application\Admin\Controller\ContentController.class.php 第 12 行.
NOTIC: [8] Undefined index: title D:\phpstudy_pro\WWW\singcms\Application\Admin\Controller\ContentController.class.php 第 16 行.
NOTIC: [8] Undefined index: catid D:\phpstudy_pro\WWW\singcms\Application\Admin\Controller\ContentController.class.php 第 20 行.
NOTIC: [8] Undefined index: p D:\phpstudy_pro\WWW\singcms\Application\Admin\Controller\ContentController.class.php 第 24 行.
NOTIC: [2] Declaration of Common\Model\NewsModel::find($id) should be compatible with Think\Model::find($options = Array) D:\phpstudy_pro\WWW\singcms\Application\Common\Model\NewsModel.class.php 第 9 行.
SQL: SHOW COLUMNS FROM `cms_news` [ RunTime:0.0037s ]
SQL: SELECT * FROM `cms_news` WHERE `status` <> -1 ORDER BY listorder desc ,news_id desc LIMIT 0,10   [ RunTime:0.0003s ]
SQL: SELECT COUNT(*) AS tp_count FROM `cms_news` WHERE `status` <> -1 LIMIT 1   [ RunTime:0.0002s ]
NOTIC: [8] Undefined variable: sing_path D:\phpstudy_pro\WWW\singcms\ThinkPHP\Common\functions.php 第 991 行.
NOTIC: [2] Declaration of Common\Model\PositionModel::find($id) should be compatible with Think\Model::find($options = Array) D:\phpstudy_pro\WWW\singcms\Application\Common\Model\PositionModel.class.php 第 81 行.
SQL: SHOW COLUMNS FROM `cms_position` [ RunTime:0.0070s ]
SQL: SELECT * FROM `cms_position` WHERE `status` = 1 ORDER BY id  [ RunTime:0.0003s ]
NOTIC: [2] Declaration of Common\Model\MenuModel::find($id) should be compatible with Think\Model::find($options = Array) D:\phpstudy_pro\WWW\singcms\Application\Common\Model\MenuModel.class.php 第 92 行.
SQL: SHOW COLUMNS FROM `cms_menu` [ RunTime:0.0039s ]
SQL: SELECT * FROM `cms_menu` WHERE `status` = 1 AND `type` = 0 ORDER BY listorder desc,menu_id desc  [ RunTime:0.0003s ]
INFO: [ view_parse ] --START--
INFO: [ template_filter ] --START--
INFO: Run Behavior\ContentReplaceBehavior [ RunTime:0.000025s ]
INFO: [ template_filter ] --END-- [ RunTime:0.000041s ]
SQL: SELECT * FROM `cms_menu` WHERE `status` <> -1 AND `type` = 1 ORDER BY listorder desc,menu_id desc  [ RunTime:0.0005s ]
NOTIC: [8] Undefined index: a D:\phpstudy_pro\WWW\singcms\Application\Common\Common\function.php 第 33 行.
NOTIC: [8] Undefined index: a D:\phpstudy_pro\WWW\singcms\Application\Common\Common\function.php 第 33 行.
NOTIC: [8] Undefined index: a D:\phpstudy_pro\WWW\singcms\Application\Common\Common\function.php 第 33 行.
NOTIC: [8] Undefined index: a D:\phpstudy_pro\WWW\singcms\Application\Common\Common\function.php 第 33 行.
NOTIC: [8] Undefined index: a D:\phpstudy_pro\WWW\singcms\Application\Common\Common\function.php 第 33 行.
NOTIC: [8] Undefined index: a D:\phpstudy_pro\WWW\singcms\Application\Common\Common\function.php 第 33 行.
INFO: Run Behavior\ParseTemplateBehavior [ RunTime:0.005733s ]
INFO: [ view_parse ] --END-- [ RunTime:0.005752s ]
INFO: [ view_filter ] --START--
INFO: Run Behavior\WriteHtmlCacheBehavior [ RunTime:0.001214s ]
INFO: [ view_filter ] --END-- [ RunTime:0.001235s ]
INFO: [ app_end ] --START--
INFO: Run Behavior\ShowPageTraceBehavior [ RunTime:0.000755s ]
INFO: [ app_end ] --END-- [ RunTime:0.000785s ]

[ 2020-03-06T11:12:09+08:00 ] 127.0.0.1 /admin.php?c=positioncontent
INFO: [ app_init ] --START--
INFO: Run Behavior\BuildLiteBehavior [ RunTime:0.000006s ]
INFO: [ app_init ] --END-- [ RunTime:0.000353s ]
INFO: [ app_begin ] --START--
INFO: Run Behavior\ReadHtmlCacheBehavior [ RunTime:0.003529s ]
INFO: [ app_begin ] --END-- [ RunTime:0.003556s ]
NOTIC: [2] Declaration of Admin\Controller\PositioncontentController::setStatus() should be compatible with Admin\Controller\CommonController::setStatus($data, $models) D:\phpstudy_pro\WWW\singcms\Application\Admin\Controller\PositioncontentController.class.php 第 9 行.
NOTIC: [2] Declaration of Admin\Controller\PositioncontentController::listorder() should be compatible with Admin\Controller\CommonController::listorder($model = '') D:\phpstudy_pro\WWW\singcms\Application\Admin\Controller\PositioncontentController.class.php 第 9 行.
NOTIC: [2] Declaration of Common\Model\PositionModel::find($id) should be compatible with Think\Model::find($options = Array) D:\phpstudy_pro\WWW\singcms\Application\Common\Model\PositionModel.class.php 第 9 行.
SQL: SHOW COLUMNS FROM `cms_position` [ RunTime:0.0040s ]
SQL: SELECT * FROM `cms_position` WHERE `status` = 1 ORDER BY id  [ RunTime:0.0002s ]
NOTIC: [8] Undefined index: title D:\phpstudy_pro\WWW\singcms\Application\Admin\Controller\PositioncontentController.class.php 第 14 行.
NOTIC: [8] Undefined index: position_id D:\phpstudy_pro\WWW\singcms\Application\Admin\Controller\PositioncontentController.class.php 第 18 行.
NOTIC: [2] Declaration of Common\Model\PositionContentModel::find($id) should be compatible with Think\Model::find($options = Array) D:\phpstudy_pro\WWW\singcms\Application\Common\Model\PositionContentModel.class.php 第 88 行.
SQL: SHOW COLUMNS FROM `cms_position_content` [ RunTime:0.0038s ]
NOTIC: [8] Undefined index: title D:\phpstudy_pro\WWW\singcms\Application\Common\Model\PositionContentModel.class.php 第 18 行.
SQL: SELECT * FROM `cms_position_content` WHERE `status` <> -1 AND `position_id` = 2 ORDER BY listorder desc ,id desc  [ RunTime:0.0002s ]
INFO: [ view_parse ] --START--
INFO: [ template_filter ] --START--
INFO: Run Behavior\ContentReplaceBehavior [ RunTime:0.000024s ]
INFO: [ template_filter ] --END-- [ RunTime:0.000038s ]
NOTIC: [2] Declaration of Common\Model\MenuModel::find($id) should be compatible with Think\Model::find($options = Array) D:\phpstudy_pro\WWW\singcms\Application\Common\Model\MenuModel.class.php 第 92 行.
SQL: SHOW COLUMNS FROM `cms_menu` [ RunTime:0.0055s ]
SQL: SELECT * FROM `cms_menu` WHERE `status` <> -1 AND `type` = 1 ORDER BY listorder desc,menu_id desc  [ RunTime:0.0003s ]
NOTIC: [8] Undefined index: a D:\phpstudy_pro\WWW\singcms\Application\Common\Common\function.php 第 33 行.
NOTIC: [8] Undefined index: a D:\phpstudy_pro\WWW\singcms\Application\Common\Common\function.php 第 33 行.
NOTIC: [8] Undefined index: a D:\phpstudy_pro\WWW\singcms\Application\Common\Common\function.php 第 33 行.
NOTIC: [8] Undefined index: a D:\phpstudy_pro\WWW\singcms\Application\Common\Common\function.php 第 33 行.
NOTIC: [8] Undefined index: a D:\phpstudy_pro\WWW\singcms\Application\Common\Common\function.php 第 33 行.
NOTIC: [8] Undefined index: a D:\phpstudy_pro\WWW\singcms\Application\Common\Common\function.php 第 33 行.
NOTIC: [8] Undefined variable: title D:\phpstudy_pro\WWW\singcms\Application\Runtime\Cache\Admin\b8a8b9d170e6c07d7b463ea02385894d.php 第 120 行.
INFO: Run Behavior\ParseTemplateBehavior [ RunTime:0.011303s ]
INFO: [ view_parse ] --END-- [ RunTime:0.011315s ]
INFO: [ view_filter ] --START--
INFO: Run Behavior\WriteHtmlCacheBehavior [ RunTime:0.000323s ]
INFO: [ view_filter ] --END-- [ RunTime:0.000334s ]
INFO: [ app_end ] --START--
INFO: Run Behavior\ShowPageTraceBehavior [ RunTime:0.000417s ]
INFO: [ app_end ] --END-- [ RunTime:0.000433s ]

[ 2020-03-06T11:12:10+08:00 ] 127.0.0.1 /admin.php?c=position
INFO: [ app_init ] --START--
INFO: Run Behavior\BuildLiteBehavior [ RunTime:0.000007s ]
INFO: [ app_init ] --END-- [ RunTime:0.000306s ]
INFO: [ app_begin ] --START--
INFO: Run Behavior\ReadHtmlCacheBehavior [ RunTime:0.000387s ]
INFO: [ app_begin ] --END-- [ RunTime:0.000402s ]
NOTIC: [2] Declaration of Admin\Controller\PositionController::setStatus() should be compatible with Admin\Controller\CommonController::setStatus($data, $models) D:\phpstudy_pro\WWW\singcms\Application\Admin\Controller\PositionController.class.php 第 7 行.
NOTIC: [2] Declaration of Common\Model\PositionModel::find($id) should be compatible with Think\Model::find($options = Array) D:\phpstudy_pro\WWW\singcms\Application\Common\Model\PositionModel.class.php 第 9 行.
SQL: SHOW COLUMNS FROM `cms_position` [ RunTime:0.0041s ]
SQL: SELECT * FROM `cms_position` WHERE `status` <> -1 ORDER BY id  [ RunTime:0.0003s ]
INFO: [ view_parse ] --START--
INFO: [ template_filter ] --START--
INFO: Run Behavior\ContentReplaceBehavior [ RunTime:0.000020s ]
INFO: [ template_filter ] --END-- [ RunTime:0.000034s ]
NOTIC: [2] Declaration of Common\Model\MenuModel::find($id) should be compatible with Think\Model::find($options = Array) D:\phpstudy_pro\WWW\singcms\Application\Common\Model\MenuModel.class.php 第 92 行.
SQL: SHOW COLUMNS FROM `cms_menu` [ RunTime:0.0044s ]
SQL: SELECT * FROM `cms_menu` WHERE `status` <> -1 AND `type` = 1 ORDER BY listorder desc,menu_id desc  [ RunTime:0.0003s ]
NOTIC: [8] Undefined index: a D:\phpstudy_pro\WWW\singcms\Application\Common\Common\function.php 第 33 行.
NOTIC: [8] Undefined index: a D:\phpstudy_pro\WWW\singcms\Application\Common\Common\function.php 第 33 行.
NOTIC: [8] Undefined index: a D:\phpstudy_pro\WWW\singcms\Application\Common\Common\function.php 第 33 行.
NOTIC: [8] Undefined index: a D:\phpstudy_pro\WWW\singcms\Application\Common\Common\function.php 第 33 行.
NOTIC: [8] Undefined index: a D:\phpstudy_pro\WWW\singcms\Application\Common\Common\function.php 第 33 行.
NOTIC: [8] Undefined index: a D:\phpstudy_pro\WWW\singcms\Application\Common\Common\function.php 第 33 行.
INFO: Run Behavior\ParseTemplateBehavior [ RunTime:0.009737s ]
INFO: [ view_parse ] --END-- [ RunTime:0.009748s ]
INFO: [ view_filter ] --START--
INFO: Run Behavior\WriteHtmlCacheBehavior [ RunTime:0.000337s ]
INFO: [ view_filter ] --END-- [ RunTime:0.000348s ]
INFO: [ app_end ] --START--
INFO: Run Behavior\ShowPageTraceBehavior [ RunTime:0.000408s ]
INFO: [ app_end ] --END-- [ RunTime:0.000420s ]

[ 2020-03-06T11:12:11+08:00 ] 127.0.0.1 /admin.php?c=admin
INFO: [ app_init ] --START--
INFO: Run Behavior\BuildLiteBehavior [ RunTime:0.000007s ]
INFO: [ app_init ] --END-- [ RunTime:0.000425s ]
INFO: [ app_begin ] --START--
INFO: Run Behavior\ReadHtmlCacheBehavior [ RunTime:0.000838s ]
INFO: [ app_begin ] --END-- [ RunTime:0.000888s ]
NOTIC: [2] Declaration of Admin\Controller\AdminController::setStatus() should be compatible with Admin\Controller\CommonController::setStatus($data, $models) D:\phpstudy_pro\WWW\singcms\Application\Admin\Controller\AdminController.class.php 第 9 行.
SQL: SHOW COLUMNS FROM `cms_admin` [ RunTime:0.0069s ]
SQL: SELECT * FROM `cms_admin` WHERE `status` <> -1 ORDER BY admin_id desc  [ RunTime:0.0003s ]
INFO: [ view_parse ] --START--
INFO: [ template_filter ] --START--
INFO: Run Behavior\ContentReplaceBehavior [ RunTime:0.000068s ]
INFO: [ template_filter ] --END-- [ RunTime:0.000169s ]
NOTIC: [2] Declaration of Common\Model\MenuModel::find($id) should be compatible with Think\Model::find($options = Array) D:\phpstudy_pro\WWW\singcms\Application\Common\Model\MenuModel.class.php 第 92 行.
SQL: SHOW COLUMNS FROM `cms_menu` [ RunTime:0.0051s ]
SQL: SELECT * FROM `cms_menu` WHERE `status` <> -1 AND `type` = 1 ORDER BY listorder desc,menu_id desc  [ RunTime:0.0003s ]
NOTIC: [8] Undefined index: a D:\phpstudy_pro\WWW\singcms\Application\Common\Common\function.php 第 33 行.
NOTIC: [8] Undefined index: a D:\phpstudy_pro\WWW\singcms\Application\Common\Common\function.php 第 33 行.
NOTIC: [8] Undefined index: a D:\phpstudy_pro\WWW\singcms\Application\Common\Common\function.php 第 33 行.
NOTIC: [8] Undefined index: a D:\phpstudy_pro\WWW\singcms\Application\Common\Common\function.php 第 33 行.
NOTIC: [8] Undefined index: a D:\phpstudy_pro\WWW\singcms\Application\Common\Common\function.php 第 33 行.
NOTIC: [8] Undefined index: a D:\phpstudy_pro\WWW\singcms\Application\Common\Common\function.php 第 33 行.
NOTIC: [8] Undefined variable: nav D:\phpstudy_pro\WWW\singcms\Application\Runtime\Cache\Admin\b682812e058c4f7cab74d08ab9eabe11.php 第 101 行.
INFO: Run Behavior\ParseTemplateBehavior [ RunTime:0.012293s ]
INFO: [ view_parse ] --END-- [ RunTime:0.012305s ]
INFO: [ view_filter ] --START--
INFO: Run Behavior\WriteHtmlCacheBehavior [ RunTime:0.000375s ]
INFO: [ view_filter ] --END-- [ RunTime:0.000390s ]
INFO: [ app_end ] --START--
INFO: Run Behavior\ShowPageTraceBehavior [ RunTime:0.000458s ]
INFO: [ app_end ] --END-- [ RunTime:0.000472s ]

[ 2020-03-06T11:12:11+08:00 ] 127.0.0.1 /admin.php?c=basic
INFO: [ app_init ] --START--
INFO: Run Behavior\BuildLiteBehavior [ RunTime:0.000007s ]
INFO: [ app_init ] --END-- [ RunTime:0.000383s ]
INFO: [ app_begin ] --START--
INFO: Run Behavior\ReadHtmlCacheBehavior [ RunTime:0.001570s ]
INFO: [ app_begin ] --END-- [ RunTime:0.001674s ]
NOTIC: [2] Declaration of Common\Model\BasicModel::save($data = Array) should be compatible with Think\Model::save($data = '', $options = Array) D:\phpstudy_pro\WWW\singcms\Application\Common\Model\BasicModel.class.php 第 9 行.
NOTIC: [2] Declaration of Common\Model\BasicModel::select() should be compatible with Think\Model::select($options = Array) D:\phpstudy_pro\WWW\singcms\Application\Common\Model\BasicModel.class.php 第 9 行.
INFO: [ view_parse ] --START--
INFO: [ template_filter ] --START--
INFO: Run Behavior\ContentReplaceBehavior [ RunTime:0.000020s ]
INFO: [ template_filter ] --END-- [ RunTime:0.000037s ]
NOTIC: [2] Declaration of Common\Model\MenuModel::find($id) should be compatible with Think\Model::find($options = Array) D:\phpstudy_pro\WWW\singcms\Application\Common\Model\MenuModel.class.php 第 92 行.
SQL: SHOW COLUMNS FROM `cms_menu` [ RunTime:0.0092s ]
SQL: SELECT * FROM `cms_menu` WHERE `status` <> -1 AND `type` = 1 ORDER BY listorder desc,menu_id desc  [ RunTime:0.0003s ]
NOTIC: [8] Undefined index: a D:\phpstudy_pro\WWW\singcms\Application\Common\Common\function.php 第 33 行.
NOTIC: [8] Undefined index: a D:\phpstudy_pro\WWW\singcms\Application\Common\Common\function.php 第 33 行.
NOTIC: [8] Undefined index: a D:\phpstudy_pro\WWW\singcms\Application\Common\Common\function.php 第 33 行.
NOTIC: [8] Undefined index: a D:\phpstudy_pro\WWW\singcms\Application\Common\Common\function.php 第 33 行.
NOTIC: [8] Undefined index: a D:\phpstudy_pro\WWW\singcms\Application\Common\Common\function.php 第 33 行.
NOTIC: [8] Undefined index: a D:\phpstudy_pro\WWW\singcms\Application\Common\Common\function.php 第 33 行.
INFO: Run Behavior\ParseTemplateBehavior [ RunTime:0.030346s ]
INFO: [ view_parse ] --END-- [ RunTime:0.030361s ]
INFO: [ view_filter ] --START--
INFO: Run Behavior\WriteHtmlCacheBehavior [ RunTime:0.000434s ]
INFO: [ view_filter ] --END-- [ RunTime:0.000457s ]
INFO: [ app_end ] --START--
INFO: Run Behavior\ShowPageTraceBehavior [ RunTime:0.001422s ]
INFO: [ app_end ] --END-- [ RunTime:0.001487s ]

[ 2020-03-06T11:12:13+08:00 ] 127.0.0.1 /admin.php?c=basic&a=add
INFO: [ app_init ] --START--
INFO: Run Behavior\BuildLiteBehavior [ RunTime:0.000004s ]
INFO: [ app_init ] --END-- [ RunTime:0.000285s ]
INFO: [ app_begin ] --START--
INFO: Run Behavior\ReadHtmlCacheBehavior [ RunTime:0.000362s ]
INFO: [ app_begin ] --END-- [ RunTime:0.000377s ]
NOTIC: [2] Declaration of Common\Model\BasicModel::save($data = Array) should be compatible with Think\Model::save($data = '', $options = Array) D:\phpstudy_pro\WWW\singcms\Application\Common\Model\BasicModel.class.php 第 9 行.
NOTIC: [2] Declaration of Common\Model\BasicModel::select() should be compatible with Think\Model::select($options = Array) D:\phpstudy_pro\WWW\singcms\Application\Common\Model\BasicModel.class.php 第 9 行.

[ 2020-03-06T11:12:14+08:00 ] 127.0.0.1 /admin.php?c=basic&a=cache
INFO: [ app_init ] --START--
INFO: Run Behavior\BuildLiteBehavior [ RunTime:0.000007s ]
INFO: [ app_init ] --END-- [ RunTime:0.000408s ]
INFO: [ app_begin ] --START--
INFO: Run Behavior\ReadHtmlCacheBehavior [ RunTime:0.000518s ]
INFO: [ app_begin ] --END-- [ RunTime:0.000539s ]
INFO: [ view_parse ] --START--
INFO: [ template_filter ] --START--
INFO: Run Behavior\ContentReplaceBehavior [ RunTime:0.000019s ]
INFO: [ template_filter ] --END-- [ RunTime:0.000035s ]
NOTIC: [2] Declaration of Common\Model\MenuModel::find($id) should be compatible with Think\Model::find($options = Array) D:\phpstudy_pro\WWW\singcms\Application\Common\Model\MenuModel.class.php 第 5 行.
SQL: SHOW COLUMNS FROM `cms_menu` [ RunTime:0.0043s ]
SQL: SELECT * FROM `cms_menu` WHERE `status` <> -1 AND `type` = 1 ORDER BY listorder desc,menu_id desc  [ RunTime:0.0003s ]
NOTIC: [8] Undefined index: a D:\phpstudy_pro\WWW\singcms\Application\Common\Common\function.php 第 33 行.
NOTIC: [8] Undefined index: a D:\phpstudy_pro\WWW\singcms\Application\Common\Common\function.php 第 33 行.
NOTIC: [8] Undefined index: a D:\phpstudy_pro\WWW\singcms\Application\Common\Common\function.php 第 33 行.
NOTIC: [8] Undefined index: a D:\phpstudy_pro\WWW\singcms\Application\Common\Common\function.php 第 33 行.
NOTIC: [8] Undefined index: a D:\phpstudy_pro\WWW\singcms\Application\Common\Common\function.php 第 33 行.
NOTIC: [8] Undefined index: a D:\phpstudy_pro\WWW\singcms\Application\Common\Common\function.php 第 33 行.
INFO: Run Behavior\ParseTemplateBehavior [ RunTime:0.016865s ]
INFO: [ view_parse ] --END-- [ RunTime:0.016880s ]
INFO: [ view_filter ] --START--
INFO: Run Behavior\WriteHtmlCacheBehavior [ RunTime:0.000377s ]
INFO: [ view_filter ] --END-- [ RunTime:0.000391s ]
INFO: [ app_end ] --START--
INFO: Run Behavior\ShowPageTraceBehavior [ RunTime:0.000459s ]
INFO: [ app_end ] --END-- [ RunTime:0.000474s ]

[ 2020-03-06T11:12:24+08:00 ] 127.0.0.1 /admin.php?c=basic&a=cache
INFO: [ app_init ] --START--
INFO: Run Behavior\BuildLiteBehavior [ RunTime:0.000007s ]
INFO: [ app_init ] --END-- [ RunTime:0.000491s ]
INFO: [ app_begin ] --START--
INFO: Run Behavior\ReadHtmlCacheBehavior [ RunTime:0.000816s ]
INFO: [ app_begin ] --END-- [ RunTime:0.000853s ]
INFO: [ view_parse ] --START--
INFO: [ template_filter ] --START--
INFO: Run Behavior\ContentReplaceBehavior [ RunTime:0.000048s ]
INFO: [ template_filter ] --END-- [ RunTime:0.000073s ]
NOTIC: [2] Declaration of Common\Model\MenuModel::find($id) should be compatible with Think\Model::find($options = Array) D:\phpstudy_pro\WWW\singcms\Application\Common\Model\MenuModel.class.php 第 5 行.
SQL: SHOW COLUMNS FROM `cms_menu` [ RunTime:0.0090s ]
SQL: SELECT * FROM `cms_menu` WHERE `status` <> -1 AND `type` = 1 ORDER BY listorder desc,menu_id desc  [ RunTime:0.0003s ]
NOTIC: [8] Undefined index: a D:\phpstudy_pro\WWW\singcms\Application\Common\Common\function.php 第 33 行.
NOTIC: [8] Undefined index: a D:\phpstudy_pro\WWW\singcms\Application\Common\Common\function.php 第 33 行.
NOTIC: [8] Undefined index: a D:\phpstudy_pro\WWW\singcms\Application\Common\Common\function.php 第 33 行.
NOTIC: [8] Undefined index: a D:\phpstudy_pro\WWW\singcms\Application\Common\Common\function.php 第 33 行.
NOTIC: [8] Undefined index: a D:\phpstudy_pro\WWW\singcms\Application\Common\Common\function.php 第 33 行.
NOTIC: [8] Undefined index: a D:\phpstudy_pro\WWW\singcms\Application\Common\Common\function.php 第 33 行.
INFO: Run Behavior\ParseTemplateBehavior [ RunTime:0.032482s ]
INFO: [ view_parse ] --END-- [ RunTime:0.032504s ]
INFO: [ view_filter ] --START--
INFO: Run Behavior\WriteHtmlCacheBehavior [ RunTime:0.000403s ]
INFO: [ view_filter ] --END-- [ RunTime:0.000418s ]
INFO: [ app_end ] --START--
INFO: Run Behavior\ShowPageTraceBehavior [ RunTime:0.000526s ]
INFO: [ app_end ] --END-- [ RunTime:0.000542s ]

[ 2020-03-06T11:12:37+08:00 ] 127.0.0.1 /admin.php?c=menu
INFO: [ app_init ] --START--
INFO: Run Behavior\BuildLiteBehavior [ RunTime:0.000004s ]
INFO: [ app_init ] --END-- [ RunTime:0.000292s ]
INFO: [ app_begin ] --START--
INFO: Run Behavior\ReadHtmlCacheBehavior [ RunTime:0.000375s ]
INFO: [ app_begin ] --END-- [ RunTime:0.000390s ]
NOTIC: [2] Declaration of Admin\Controller\MenuController::setStatus() should be compatible with Admin\Controller\CommonController::setStatus($data, $models) D:\phpstudy_pro\WWW\singcms\Application\Admin\Controller\MenuController.class.php 第 9 行.
NOTIC: [2] Declaration of Admin\Controller\MenuController::listorder() should be compatible with Admin\Controller\CommonController::listorder($model = '') D:\phpstudy_pro\WWW\singcms\Application\Admin\Controller\MenuController.class.php 第 9 行.
NOTIC: [8] Undefined index: p D:\phpstudy_pro\WWW\singcms\Application\Admin\Controller\MenuController.class.php 第 51 行.
NOTIC: [8] Undefined index: pageSize D:\phpstudy_pro\WWW\singcms\Application\Admin\Controller\MenuController.class.php 第 52 行.
NOTIC: [2] Declaration of Common\Model\MenuModel::find($id) should be compatible with Think\Model::find($options = Array) D:\phpstudy_pro\WWW\singcms\Application\Common\Model\MenuModel.class.php 第 5 行.
SQL: SHOW COLUMNS FROM `cms_menu` [ RunTime:0.0085s ]
SQL: SELECT * FROM `cms_menu` WHERE `status` <> -1 ORDER BY listorder desc,menu_id desc LIMIT 0,3   [ RunTime:0.0002s ]
SQL: SELECT COUNT(*) AS tp_count FROM `cms_menu` WHERE `status` <> -1 LIMIT 1   [ RunTime:0.0002s ]
NOTIC: [8] Undefined variable: sing_path D:\phpstudy_pro\WWW\singcms\ThinkPHP\Common\functions.php 第 991 行.
INFO: [ view_parse ] --START--
INFO: [ template_filter ] --START--
INFO: Run Behavior\ContentReplaceBehavior [ RunTime:0.000022s ]
INFO: [ template_filter ] --END-- [ RunTime:0.000036s ]
SQL: SELECT * FROM `cms_menu` WHERE `status` <> -1 AND `type` = 1 ORDER BY listorder desc,menu_id desc  [ RunTime:0.0003s ]
NOTIC: [8] Undefined index: a D:\phpstudy_pro\WWW\singcms\Application\Common\Common\function.php 第 33 行.
NOTIC: [8] Undefined index: a D:\phpstudy_pro\WWW\singcms\Application\Common\Common\function.php 第 33 行.
NOTIC: [8] Undefined index: a D:\phpstudy_pro\WWW\singcms\Application\Common\Common\function.php 第 33 行.
NOTIC: [8] Undefined index: a D:\phpstudy_pro\WWW\singcms\Application\Common\Common\function.php 第 33 行.
NOTIC: [8] Undefined index: a D:\phpstudy_pro\WWW\singcms\Application\Common\Common\function.php 第 33 行.
NOTIC: [8] Undefined index: a D:\phpstudy_pro\WWW\singcms\Application\Common\Common\function.php 第 33 行.
NOTIC: [8] Undefined variable: nav D:\phpstudy_pro\WWW\singcms\Application\Runtime\Cache\Admin\b956215329b6f9aca22277599a4efdfc.php 第 101 行.
INFO: Run Behavior\ParseTemplateBehavior [ RunTime:0.004674s ]
INFO: [ view_parse ] --END-- [ RunTime:0.004687s ]
INFO: [ view_filter ] --START--
INFO: Run Behavior\WriteHtmlCacheBehavior [ RunTime:0.000339s ]
INFO: [ view_filter ] --END-- [ RunTime:0.000352s ]
INFO: [ app_end ] --START--
INFO: Run Behavior\ShowPageTraceBehavior [ RunTime:0.000570s ]
INFO: [ app_end ] --END-- [ RunTime:0.000585s ]

[ 2020-03-06T11:12:41+08:00 ] 127.0.0.1 /admin.php?c=menu&a=listorder
INFO: [ app_init ] --START--
INFO: Run Behavior\BuildLiteBehavior [ RunTime:0.000005s ]
INFO: [ app_init ] --END-- [ RunTime:0.000301s ]
INFO: [ app_begin ] --START--
INFO: Run Behavior\ReadHtmlCacheBehavior [ RunTime:0.000372s ]
INFO: [ app_begin ] --END-- [ RunTime:0.000386s ]
NOTIC: [2] Declaration of Admin\Controller\MenuController::setStatus() should be compatible with Admin\Controller\CommonController::setStatus($data, $models) D:\phpstudy_pro\WWW\singcms\Application\Admin\Controller\MenuController.class.php 第 9 行.
NOTIC: [2] Declaration of Admin\Controller\MenuController::listorder() should be compatible with Admin\Controller\CommonController::listorder($model = '') D:\phpstudy_pro\WWW\singcms\Application\Admin\Controller\MenuController.class.php 第 9 行.
NOTIC: [2] Declaration of Common\Model\MenuModel::find($id) should be compatible with Think\Model::find($options = Array) D:\phpstudy_pro\WWW\singcms\Application\Common\Model\MenuModel.class.php 第 5 行.
SQL: SHOW COLUMNS FROM `cms_menu` [ RunTime:0.0095s ]
SQL: UPDATE `cms_menu` SET `listorder`='8' WHERE ( menu_id=1 ) [ RunTime:0.0003s ]
SQL: UPDATE `cms_menu` SET `listorder`='9' WHERE ( menu_id=6 ) [ RunTime:0.0002s ]
SQL: UPDATE `cms_menu` SET `listorder`='4' WHERE ( menu_id=9 ) [ RunTime:0.0002s ]

[ 2020-03-06T11:12:43+08:00 ] 127.0.0.1 /admin.php?c=menu
INFO: [ app_init ] --START--
INFO: Run Behavior\BuildLiteBehavior [ RunTime:0.000006s ]
INFO: [ app_init ] --END-- [ RunTime:0.000360s ]
INFO: [ app_begin ] --START--
INFO: Run Behavior\ReadHtmlCacheBehavior [ RunTime:0.000679s ]
INFO: [ app_begin ] --END-- [ RunTime:0.000723s ]
NOTIC: [2] Declaration of Admin\Controller\MenuController::setStatus() should be compatible with Admin\Controller\CommonController::setStatus($data, $models) D:\phpstudy_pro\WWW\singcms\Application\Admin\Controller\MenuController.class.php 第 9 行.
NOTIC: [2] Declaration of Admin\Controller\MenuController::listorder() should be compatible with Admin\Controller\CommonController::listorder($model = '') D:\phpstudy_pro\WWW\singcms\Application\Admin\Controller\MenuController.class.php 第 9 行.
NOTIC: [8] Undefined index: p D:\phpstudy_pro\WWW\singcms\Application\Admin\Controller\MenuController.class.php 第 51 行.
NOTIC: [8] Undefined index: pageSize D:\phpstudy_pro\WWW\singcms\Application\Admin\Controller\MenuController.class.php 第 52 行.
NOTIC: [2] Declaration of Common\Model\MenuModel::find($id) should be compatible with Think\Model::find($options = Array) D:\phpstudy_pro\WWW\singcms\Application\Common\Model\MenuModel.class.php 第 5 行.
SQL: SHOW COLUMNS FROM `cms_menu` [ RunTime:0.0144s ]
SQL: SELECT * FROM `cms_menu` WHERE `status` <> -1 ORDER BY listorder desc,menu_id desc LIMIT 0,3   [ RunTime:0.0003s ]
SQL: SELECT COUNT(*) AS tp_count FROM `cms_menu` WHERE `status` <> -1 LIMIT 1   [ RunTime:0.0002s ]
NOTIC: [8] Undefined variable: sing_path D:\phpstudy_pro\WWW\singcms\ThinkPHP\Common\functions.php 第 991 行.
INFO: [ view_parse ] --START--
INFO: [ template_filter ] --START--
INFO: Run Behavior\ContentReplaceBehavior [ RunTime:0.000021s ]
INFO: [ template_filter ] --END-- [ RunTime:0.000037s ]
SQL: SELECT * FROM `cms_menu` WHERE `status` <> -1 AND `type` = 1 ORDER BY listorder desc,menu_id desc  [ RunTime:0.0004s ]
NOTIC: [8] Undefined index: a D:\phpstudy_pro\WWW\singcms\Application\Common\Common\function.php 第 33 行.
NOTIC: [8] Undefined index: a D:\phpstudy_pro\WWW\singcms\Application\Common\Common\function.php 第 33 行.
NOTIC: [8] Undefined index: a D:\phpstudy_pro\WWW\singcms\Application\Common\Common\function.php 第 33 行.
NOTIC: [8] Undefined index: a D:\phpstudy_pro\WWW\singcms\Application\Common\Common\function.php 第 33 行.
NOTIC: [8] Undefined index: a D:\phpstudy_pro\WWW\singcms\Application\Common\Common\function.php 第 33 行.
NOTIC: [8] Undefined index: a D:\phpstudy_pro\WWW\singcms\Application\Common\Common\function.php 第 33 行.
NOTIC: [8] Undefined variable: nav D:\phpstudy_pro\WWW\singcms\Application\Runtime\Cache\Admin\b956215329b6f9aca22277599a4efdfc.php 第 101 行.
INFO: Run Behavior\ParseTemplateBehavior [ RunTime:0.005444s ]
INFO: [ view_parse ] --END-- [ RunTime:0.005467s ]
INFO: [ view_filter ] --START--
INFO: Run Behavior\WriteHtmlCacheBehavior [ RunTime:0.000398s ]
INFO: [ view_filter ] --END-- [ RunTime:0.000410s ]
INFO: [ app_end ] --START--
INFO: Run Behavior\ShowPageTraceBehavior [ RunTime:0.000390s ]
INFO: [ app_end ] --END-- [ RunTime:0.000406s ]

[ 2020-03-06T11:12:44+08:00 ] 127.0.0.1 /admin.php?c=menu&a=add
INFO: [ app_init ] --START--
INFO: Run Behavior\BuildLiteBehavior [ RunTime:0.000004s ]
INFO: [ app_init ] --END-- [ RunTime:0.000356s ]
INFO: [ app_begin ] --START--
INFO: Run Behavior\ReadHtmlCacheBehavior [ RunTime:0.000642s ]
INFO: [ app_begin ] --END-- [ RunTime:0.000683s ]
NOTIC: [2] Declaration of Admin\Controller\MenuController::setStatus() should be compatible with Admin\Controller\CommonController::setStatus($data, $models) D:\phpstudy_pro\WWW\singcms\Application\Admin\Controller\MenuController.class.php 第 9 行.
NOTIC: [2] Declaration of Admin\Controller\MenuController::listorder() should be compatible with Admin\Controller\CommonController::listorder($model = '') D:\phpstudy_pro\WWW\singcms\Application\Admin\Controller\MenuController.class.php 第 9 行.
INFO: [ view_parse ] --START--
INFO: [ template_filter ] --START--
INFO: Run Behavior\ContentReplaceBehavior [ RunTime:0.000023s ]
INFO: [ template_filter ] --END-- [ RunTime:0.000039s ]
NOTIC: [2] Declaration of Common\Model\MenuModel::find($id) should be compatible with Think\Model::find($options = Array) D:\phpstudy_pro\WWW\singcms\Application\Common\Model\MenuModel.class.php 第 5 行.
SQL: SHOW COLUMNS FROM `cms_menu` [ RunTime:0.0080s ]
SQL: SELECT * FROM `cms_menu` WHERE `status` <> -1 AND `type` = 1 ORDER BY listorder desc,menu_id desc  [ RunTime:0.0003s ]
NOTIC: [8] Undefined index: a D:\phpstudy_pro\WWW\singcms\Application\Common\Common\function.php 第 33 行.
NOTIC: [8] Undefined index: a D:\phpstudy_pro\WWW\singcms\Application\Common\Common\function.php 第 33 行.
NOTIC: [8] Undefined index: a D:\phpstudy_pro\WWW\singcms\Application\Common\Common\function.php 第 33 行.
NOTIC: [8] Undefined index: a D:\phpstudy_pro\WWW\singcms\Application\Common\Common\function.php 第 33 行.
NOTIC: [8] Undefined index: a D:\phpstudy_pro\WWW\singcms\Application\Common\Common\function.php 第 33 行.
NOTIC: [8] Undefined index: a D:\phpstudy_pro\WWW\singcms\Application\Common\Common\function.php 第 33 行.
NOTIC: [8] Undefined variable: menus D:\phpstudy_pro\WWW\singcms\Application\Runtime\Cache\Admin\31553d7bb41170a30982ff9dddd5d67e.php 第 123 行.
INFO: Run Behavior\ParseTemplateBehavior [ RunTime:0.018287s ]
INFO: [ view_parse ] --END-- [ RunTime:0.018301s ]
INFO: [ view_filter ] --START--
INFO: Run Behavior\WriteHtmlCacheBehavior [ RunTime:0.000400s ]
INFO: [ view_filter ] --END-- [ RunTime:0.000414s ]
INFO: [ app_end ] --START--
INFO: Run Behavior\ShowPageTraceBehavior [ RunTime:0.000497s ]
INFO: [ app_end ] --END-- [ RunTime:0.000513s ]

[ 2020-03-06T11:12:46+08:00 ] 127.0.0.1 /admin.php
INFO: [ app_init ] --START--
INFO: Run Behavior\BuildLiteBehavior [ RunTime:0.000005s ]
INFO: [ app_init ] --END-- [ RunTime:0.000294s ]
INFO: [ app_begin ] --START--
INFO: Run Behavior\ReadHtmlCacheBehavior [ RunTime:0.000375s ]
INFO: [ app_begin ] --END-- [ RunTime:0.000391s ]
NOTIC: [2] Declaration of Common\Model\NewsModel::find($id) should be compatible with Think\Model::find($options = Array) D:\phpstudy_pro\WWW\singcms\Application\Common\Model\NewsModel.class.php 第 9 行.
SQL: SHOW COLUMNS FROM `cms_news` [ RunTime:0.0051s ]
SQL: SELECT * FROM `cms_news` WHERE `status` = 1 ORDER BY count desc LIMIT 1   [ RunTime:0.0004s ]
SQL: SELECT COUNT(*) AS tp_count FROM `cms_news` WHERE `status` <> -1 LIMIT 1   [ RunTime:0.0003s ]
NOTIC: [2] Declaration of Common\Model\PositionModel::find($id) should be compatible with Think\Model::find($options = Array) D:\phpstudy_pro\WWW\singcms\Application\Common\Model\PositionModel.class.php 第 81 行.
SQL: SHOW COLUMNS FROM `cms_position` [ RunTime:0.0044s ]
SQL: SELECT COUNT(*) AS tp_count FROM `cms_position` WHERE `status` = 1 LIMIT 1   [ RunTime:0.0002s ]
SQL: SHOW COLUMNS FROM `cms_admin` [ RunTime:0.0035s ]
SQL: SELECT COUNT(*) AS tp_count FROM `cms_admin` WHERE `status` = 1 AND `lastlogintime` > 1583424000 LIMIT 1   [ RunTime:0.0002s ]
NOTIC: [2] Illegal string offset 'tp_count' D:\phpstudy_pro\WWW\singcms\Application\Common\Model\AdminModel.class.php 第 75 行.
INFO: [ view_parse ] --START--
INFO: [ template_filter ] --START--
INFO: Run Behavior\ContentReplaceBehavior [ RunTime:0.000022s ]
INFO: [ template_filter ] --END-- [ RunTime:0.000036s ]
NOTIC: [2] Declaration of Common\Model\MenuModel::find($id) should be compatible with Think\Model::find($options = Array) D:\phpstudy_pro\WWW\singcms\Application\Common\Model\MenuModel.class.php 第 92 行.
SQL: SHOW COLUMNS FROM `cms_menu` [ RunTime:0.0036s ]
SQL: SELECT * FROM `cms_menu` WHERE `status` <> -1 AND `type` = 1 ORDER BY listorder desc,menu_id desc  [ RunTime:0.0003s ]
NOTIC: [8] Undefined index: a D:\phpstudy_pro\WWW\singcms\Application\Common\Common\function.php 第 33 行.
NOTIC: [8] Undefined index: a D:\phpstudy_pro\WWW\singcms\Application\Common\Common\function.php 第 33 行.
NOTIC: [8] Undefined index: a D:\phpstudy_pro\WWW\singcms\Application\Common\Common\function.php 第 33 行.
NOTIC: [8] Undefined index: a D:\phpstudy_pro\WWW\singcms\Application\Common\Common\function.php 第 33 行.
NOTIC: [8] Undefined index: a D:\phpstudy_pro\WWW\singcms\Application\Common\Common\function.php 第 33 行.
NOTIC: [8] Undefined index: a D:\phpstudy_pro\WWW\singcms\Application\Common\Common\function.php 第 33 行.
INFO: Run Behavior\ParseTemplateBehavior [ RunTime:0.008548s ]
INFO: [ view_parse ] --END-- [ RunTime:0.008560s ]
INFO: [ view_filter ] --START--
INFO: Run Behavior\WriteHtmlCacheBehavior [ RunTime:0.000898s ]
INFO: [ view_filter ] --END-- [ RunTime:0.000942s ]
INFO: [ app_end ] --START--
INFO: Run Behavior\ShowPageTraceBehavior [ RunTime:0.000789s ]
INFO: [ app_end ] --END-- [ RunTime:0.000822s ]

[ 2020-03-06T11:12:49+08:00 ] 127.0.0.1 /admin.php?c=admin&a=personal
INFO: [ app_init ] --START--
INFO: Run Behavior\BuildLiteBehavior [ RunTime:0.000009s ]
INFO: [ app_init ] --END-- [ RunTime:0.000276s ]
INFO: [ app_begin ] --START--
INFO: Run Behavior\ReadHtmlCacheBehavior [ RunTime:0.000403s ]
INFO: [ app_begin ] --END-- [ RunTime:0.000418s ]
NOTIC: [2] Declaration of Admin\Controller\AdminController::setStatus() should be compatible with Admin\Controller\CommonController::setStatus($data, $models) D:\phpstudy_pro\WWW\singcms\Application\Admin\Controller\AdminController.class.php 第 9 行.
SQL: SHOW COLUMNS FROM `cms_admin` [ RunTime:0.0086s ]
SQL: SELECT * FROM `cms_admin` WHERE ( admin_id=1 ) LIMIT 1   [ RunTime:0.0003s ]
INFO: [ view_parse ] --START--
INFO: [ template_filter ] --START--
INFO: Run Behavior\ContentReplaceBehavior [ RunTime:0.000018s ]
INFO: [ template_filter ] --END-- [ RunTime:0.000033s ]
NOTIC: [2] Declaration of Common\Model\MenuModel::find($id) should be compatible with Think\Model::find($options = Array) D:\phpstudy_pro\WWW\singcms\Application\Common\Model\MenuModel.class.php 第 92 行.
SQL: SHOW COLUMNS FROM `cms_menu` [ RunTime:0.0036s ]
SQL: SELECT * FROM `cms_menu` WHERE `status` <> -1 AND `type` = 1 ORDER BY listorder desc,menu_id desc  [ RunTime:0.0003s ]
NOTIC: [8] Undefined index: a D:\phpstudy_pro\WWW\singcms\Application\Common\Common\function.php 第 33 行.
NOTIC: [8] Undefined index: a D:\phpstudy_pro\WWW\singcms\Application\Common\Common\function.php 第 33 行.
NOTIC: [8] Undefined index: a D:\phpstudy_pro\WWW\singcms\Application\Common\Common\function.php 第 33 行.
NOTIC: [8] Undefined index: a D:\phpstudy_pro\WWW\singcms\Application\Common\Common\function.php 第 33 行.
NOTIC: [8] Undefined index: a D:\phpstudy_pro\WWW\singcms\Application\Common\Common\function.php 第 33 行.
NOTIC: [8] Undefined index: a D:\phpstudy_pro\WWW\singcms\Application\Common\Common\function.php 第 33 行.
INFO: Run Behavior\ParseTemplateBehavior [ RunTime:0.008334s ]
INFO: [ view_parse ] --END-- [ RunTime:0.008347s ]
INFO: [ view_filter ] --START--
INFO: Run Behavior\WriteHtmlCacheBehavior [ RunTime:0.000341s ]
INFO: [ view_filter ] --END-- [ RunTime:0.000354s ]
INFO: [ app_end ] --START--
INFO: Run Behavior\ShowPageTraceBehavior [ RunTime:0.000444s ]
INFO: [ app_end ] --END-- [ RunTime:0.000458s ]

[ 2020-03-06T11:12:50+08:00 ] 127.0.0.1 /admin.php?c=admin&a=save
INFO: [ app_init ] --START--
INFO: Run Behavior\BuildLiteBehavior [ RunTime:0.000004s ]
INFO: [ app_init ] --END-- [ RunTime:0.000311s ]
INFO: [ app_begin ] --START--
INFO: Run Behavior\ReadHtmlCacheBehavior [ RunTime:0.000394s ]
INFO: [ app_begin ] --END-- [ RunTime:0.000410s ]
NOTIC: [2] Declaration of Admin\Controller\AdminController::setStatus() should be compatible with Admin\Controller\CommonController::setStatus($data, $models) D:\phpstudy_pro\WWW\singcms\Application\Admin\Controller\AdminController.class.php 第 9 行.
SQL: SHOW COLUMNS FROM `cms_admin` [ RunTime:0.0125s ]
SQL: UPDATE `cms_admin` SET `realname`='singwa',`email`='tracywxh0830@126.com' WHERE ( admin_id=1 ) [ RunTime:0.0003s ]

[ 2020-03-06T11:12:53+08:00 ] 127.0.0.1 /admin.php?c=admin&a=save
INFO: [ app_init ] --START--
INFO: Run Behavior\BuildLiteBehavior [ RunTime:0.000004s ]
INFO: [ app_init ] --END-- [ RunTime:0.000327s ]
INFO: [ app_begin ] --START--
INFO: Run Behavior\ReadHtmlCacheBehavior [ RunTime:0.000419s ]
INFO: [ app_begin ] --END-- [ RunTime:0.000484s ]
NOTIC: [2] Declaration of Admin\Controller\AdminController::setStatus() should be compatible with Admin\Controller\CommonController::setStatus($data, $models) D:\phpstudy_pro\WWW\singcms\Application\Admin\Controller\AdminController.class.php 第 9 行.
SQL: SHOW COLUMNS FROM `cms_admin` [ RunTime:0.0056s ]
SQL: UPDATE `cms_admin` SET `realname`='singwa1',`email`='tracywxh0830@126.com' WHERE ( admin_id=1 ) [ RunTime:0.0003s ]

[ 2020-03-06T11:12:57+08:00 ] 127.0.0.1 /admin.php?c=admin&a=save
INFO: [ app_init ] --START--
INFO: Run Behavior\BuildLiteBehavior [ RunTime:0.000009s ]
INFO: [ app_init ] --END-- [ RunTime:0.000376s ]
INFO: [ app_begin ] --START--
INFO: Run Behavior\ReadHtmlCacheBehavior [ RunTime:0.000604s ]
INFO: [ app_begin ] --END-- [ RunTime:0.000629s ]
NOTIC: [2] Declaration of Admin\Controller\AdminController::setStatus() should be compatible with Admin\Controller\CommonController::setStatus($data, $models) D:\phpstudy_pro\WWW\singcms\Application\Admin\Controller\AdminController.class.php 第 9 行.
SQL: SHOW COLUMNS FROM `cms_admin` [ RunTime:0.0072s ]
SQL: UPDATE `cms_admin` SET `realname`='singwa1',`email`='tracywxh0830@126.com' WHERE ( admin_id=1 ) [ RunTime:0.0004s ]

[ 2020-03-06T11:13:10+08:00 ] 127.0.0.1 /admin.php
INFO: [ app_init ] --START--
INFO: Run Behavior\BuildLiteBehavior [ RunTime:0.000004s ]
INFO: [ app_init ] --END-- [ RunTime:0.000305s ]
INFO: [ app_begin ] --START--
INFO: Run Behavior\ReadHtmlCacheBehavior [ RunTime:0.000412s ]
INFO: [ app_begin ] --END-- [ RunTime:0.000429s ]
NOTIC: [2] Declaration of Common\Model\NewsModel::find($id) should be compatible with Think\Model::find($options = Array) D:\phpstudy_pro\WWW\singcms\Application\Common\Model\NewsModel.class.php 第 9 行.
SQL: SHOW COLUMNS FROM `cms_news` [ RunTime:0.0076s ]
SQL: SELECT * FROM `cms_news` WHERE `status` = 1 ORDER BY count desc LIMIT 1   [ RunTime:0.0003s ]
SQL: SELECT COUNT(*) AS tp_count FROM `cms_news` WHERE `status` <> -1 LIMIT 1   [ RunTime:0.0002s ]
NOTIC: [2] Declaration of Common\Model\PositionModel::find($id) should be compatible with Think\Model::find($options = Array) D:\phpstudy_pro\WWW\singcms\Application\Common\Model\PositionModel.class.php 第 81 行.
SQL: SHOW COLUMNS FROM `cms_position` [ RunTime:0.0038s ]
SQL: SELECT COUNT(*) AS tp_count FROM `cms_position` WHERE `status` = 1 LIMIT 1   [ RunTime:0.0002s ]
SQL: SHOW COLUMNS FROM `cms_admin` [ RunTime:0.0039s ]
SQL: SELECT COUNT(*) AS tp_count FROM `cms_admin` WHERE `status` = 1 AND `lastlogintime` > 1583424000 LIMIT 1   [ RunTime:0.0002s ]
NOTIC: [2] Illegal string offset 'tp_count' D:\phpstudy_pro\WWW\singcms\Application\Common\Model\AdminModel.class.php 第 75 行.
INFO: [ view_parse ] --START--
INFO: [ template_filter ] --START--
INFO: Run Behavior\ContentReplaceBehavior [ RunTime:0.000024s ]
INFO: [ template_filter ] --END-- [ RunTime:0.000047s ]
NOTIC: [2] Declaration of Common\Model\MenuModel::find($id) should be compatible with Think\Model::find($options = Array) D:\phpstudy_pro\WWW\singcms\Application\Common\Model\MenuModel.class.php 第 92 行.
SQL: SHOW COLUMNS FROM `cms_menu` [ RunTime:0.0036s ]
SQL: SELECT * FROM `cms_menu` WHERE `status` <> -1 AND `type` = 1 ORDER BY listorder desc,menu_id desc  [ RunTime:0.0003s ]
NOTIC: [8] Undefined index: a D:\phpstudy_pro\WWW\singcms\Application\Common\Common\function.php 第 33 行.
NOTIC: [8] Undefined index: a D:\phpstudy_pro\WWW\singcms\Application\Common\Common\function.php 第 33 行.
NOTIC: [8] Undefined index: a D:\phpstudy_pro\WWW\singcms\Application\Common\Common\function.php 第 33 行.
NOTIC: [8] Undefined index: a D:\phpstudy_pro\WWW\singcms\Application\Common\Common\function.php 第 33 行.
NOTIC: [8] Undefined index: a D:\phpstudy_pro\WWW\singcms\Application\Common\Common\function.php 第 33 行.
NOTIC: [8] Undefined index: a D:\phpstudy_pro\WWW\singcms\Application\Common\Common\function.php 第 33 行.
INFO: Run Behavior\ParseTemplateBehavior [ RunTime:0.009362s ]
INFO: [ view_parse ] --END-- [ RunTime:0.009374s ]
INFO: [ view_filter ] --START--
INFO: Run Behavior\WriteHtmlCacheBehavior [ RunTime:0.000351s ]
INFO: [ view_filter ] --END-- [ RunTime:0.000364s ]
INFO: [ app_end ] --START--
INFO: Run Behavior\ShowPageTraceBehavior [ RunTime:0.000490s ]
INFO: [ app_end ] --END-- [ RunTime:0.000507s ]

[ 2020-03-06T11:28:33+08:00 ] 127.0.0.1 /admin.php
INFO: [ app_init ] --START--
INFO: Run Behavior\BuildLiteBehavior [ RunTime:0.000005s ]
INFO: [ app_init ] --END-- [ RunTime:0.000307s ]
INFO: [ app_begin ] --START--
INFO: Run Behavior\ReadHtmlCacheBehavior [ RunTime:0.000403s ]
INFO: [ app_begin ] --END-- [ RunTime:0.000419s ]
NOTIC: [2] Declaration of Common\Model\NewsModel::find($id) should be compatible with Think\Model::find($options = Array) D:\phpstudy_pro\WWW\singcms\Application\Common\Model\NewsModel.class.php 第 9 行.
SQL: SHOW COLUMNS FROM `cms_news` [ RunTime:0.0036s ]
SQL: SELECT * FROM `cms_news` WHERE `status` = 1 ORDER BY count desc LIMIT 1   [ RunTime:0.0003s ]
SQL: SELECT COUNT(*) AS tp_count FROM `cms_news` WHERE `status` <> -1 LIMIT 1   [ RunTime:0.0002s ]
NOTIC: [2] Declaration of Common\Model\PositionModel::find($id) should be compatible with Think\Model::find($options = Array) D:\phpstudy_pro\WWW\singcms\Application\Common\Model\PositionModel.class.php 第 81 行.
SQL: SHOW COLUMNS FROM `cms_position` [ RunTime:0.0042s ]
SQL: SELECT COUNT(*) AS tp_count FROM `cms_position` WHERE `status` = 1 LIMIT 1   [ RunTime:0.0003s ]
SQL: SHOW COLUMNS FROM `cms_admin` [ RunTime:0.0063s ]
SQL: SELECT COUNT(*) AS tp_count FROM `cms_admin` WHERE `status` = 1 AND `lastlogintime` > 1583424000 LIMIT 1   [ RunTime:0.0003s ]
NOTIC: [2] Illegal string offset 'tp_count' D:\phpstudy_pro\WWW\singcms\Application\Common\Model\AdminModel.class.php 第 75 行.
INFO: [ view_parse ] --START--
INFO: [ template_filter ] --START--
INFO: Run Behavior\ContentReplaceBehavior [ RunTime:0.000024s ]
INFO: [ template_filter ] --END-- [ RunTime:0.000038s ]
NOTIC: [2] Declaration of Common\Model\MenuModel::find($id) should be compatible with Think\Model::find($options = Array) D:\phpstudy_pro\WWW\singcms\Application\Common\Model\MenuModel.class.php 第 92 行.
SQL: SHOW COLUMNS FROM `cms_menu` [ RunTime:0.0039s ]
SQL: SELECT * FROM `cms_menu` WHERE `status` <> -1 AND `type` = 1 ORDER BY listorder desc,menu_id desc  [ RunTime:0.0003s ]
NOTIC: [8] Undefined index: a D:\phpstudy_pro\WWW\singcms\Application\Common\Common\function.php 第 33 行.
NOTIC: [8] Undefined index: a D:\phpstudy_pro\WWW\singcms\Application\Common\Common\function.php 第 33 行.
NOTIC: [8] Undefined index: a D:\phpstudy_pro\WWW\singcms\Application\Common\Common\function.php 第 33 行.
NOTIC: [8] Undefined index: a D:\phpstudy_pro\WWW\singcms\Application\Common\Common\function.php 第 33 行.
NOTIC: [8] Undefined index: a D:\phpstudy_pro\WWW\singcms\Application\Common\Common\function.php 第 33 行.
NOTIC: [8] Undefined index: a D:\phpstudy_pro\WWW\singcms\Application\Common\Common\function.php 第 33 行.
INFO: Run Behavior\ParseTemplateBehavior [ RunTime:0.009132s ]
INFO: [ view_parse ] --END-- [ RunTime:0.009145s ]
INFO: [ view_filter ] --START--
INFO: Run Behavior\WriteHtmlCacheBehavior [ RunTime:0.000506s ]
INFO: [ view_filter ] --END-- [ RunTime:0.000525s ]
INFO: [ app_end ] --START--
INFO: Run Behavior\ShowPageTraceBehavior [ RunTime:0.000557s ]
INFO: [ app_end ] --END-- [ RunTime:0.000574s ]

[ 2020-03-06T11:28:33+08:00 ] 127.0.0.1 /admin.php?c=basic
INFO: [ app_init ] --START--
INFO: Run Behavior\BuildLiteBehavior [ RunTime:0.000008s ]
INFO: [ app_init ] --END-- [ RunTime:0.001040s ]
INFO: [ app_begin ] --START--
INFO: Run Behavior\ReadHtmlCacheBehavior [ RunTime:0.000416s ]
INFO: [ app_begin ] --END-- [ RunTime:0.000432s ]
NOTIC: [2] Declaration of Common\Model\BasicModel::save($data = Array) should be compatible with Think\Model::save($data = '', $options = Array) D:\phpstudy_pro\WWW\singcms\Application\Common\Model\BasicModel.class.php 第 9 行.
NOTIC: [2] Declaration of Common\Model\BasicModel::select() should be compatible with Think\Model::select($options = Array) D:\phpstudy_pro\WWW\singcms\Application\Common\Model\BasicModel.class.php 第 9 行.
INFO: [ view_parse ] --START--
INFO: [ template_filter ] --START--
INFO: Run Behavior\ContentReplaceBehavior [ RunTime:0.000022s ]
INFO: [ template_filter ] --END-- [ RunTime:0.000042s ]
NOTIC: [2] Declaration of Common\Model\MenuModel::find($id) should be compatible with Think\Model::find($options = Array) D:\phpstudy_pro\WWW\singcms\Application\Common\Model\MenuModel.class.php 第 92 行.
SQL: SHOW COLUMNS FROM `cms_menu` [ RunTime:0.0048s ]
SQL: SELECT * FROM `cms_menu` WHERE `status` <> -1 AND `type` = 1 ORDER BY listorder desc,menu_id desc  [ RunTime:0.0003s ]
NOTIC: [8] Undefined index: a D:\phpstudy_pro\WWW\singcms\Application\Common\Common\function.php 第 33 行.
NOTIC: [8] Undefined index: a D:\phpstudy_pro\WWW\singcms\Application\Common\Common\function.php 第 33 行.
NOTIC: [8] Undefined index: a D:\phpstudy_pro\WWW\singcms\Application\Common\Common\function.php 第 33 行.
NOTIC: [8] Undefined index: a D:\phpstudy_pro\WWW\singcms\Application\Common\Common\function.php 第 33 行.
NOTIC: [8] Undefined index: a D:\phpstudy_pro\WWW\singcms\Application\Common\Common\function.php 第 33 行.
NOTIC: [8] Undefined index: a D:\phpstudy_pro\WWW\singcms\Application\Common\Common\function.php 第 33 行.
INFO: Run Behavior\ParseTemplateBehavior [ RunTime:0.012763s ]
INFO: [ view_parse ] --END-- [ RunTime:0.012776s ]
INFO: [ view_filter ] --START--
INFO: Run Behavior\WriteHtmlCacheBehavior [ RunTime:0.000458s ]
INFO: [ view_filter ] --END-- [ RunTime:0.000475s ]
INFO: [ app_end ] --START--
INFO: Run Behavior\ShowPageTraceBehavior [ RunTime:0.000486s ]
INFO: [ app_end ] --END-- [ RunTime:0.000507s ]

[ 2020-03-06T11:28:35+08:00 ] 127.0.0.1 /admin.php?c=basic&a=cache
INFO: [ app_init ] --START--
INFO: Run Behavior\BuildLiteBehavior [ RunTime:0.000007s ]
INFO: [ app_init ] --END-- [ RunTime:0.000570s ]
INFO: [ app_begin ] --START--
INFO: Run Behavior\ReadHtmlCacheBehavior [ RunTime:0.000513s ]
INFO: [ app_begin ] --END-- [ RunTime:0.000536s ]
INFO: [ view_parse ] --START--
INFO: [ template_filter ] --START--
INFO: Run Behavior\ContentReplaceBehavior [ RunTime:0.000041s ]
INFO: [ template_filter ] --END-- [ RunTime:0.000062s ]
NOTIC: [2] Declaration of Common\Model\MenuModel::find($id) should be compatible with Think\Model::find($options = Array) D:\phpstudy_pro\WWW\singcms\Application\Common\Model\MenuModel.class.php 第 5 行.
SQL: SHOW COLUMNS FROM `cms_menu` [ RunTime:0.0060s ]
SQL: SELECT * FROM `cms_menu` WHERE `status` <> -1 AND `type` = 1 ORDER BY listorder desc,menu_id desc  [ RunTime:0.0003s ]
NOTIC: [8] Undefined index: a D:\phpstudy_pro\WWW\singcms\Application\Common\Common\function.php 第 33 行.
NOTIC: [8] Undefined index: a D:\phpstudy_pro\WWW\singcms\Application\Common\Common\function.php 第 33 行.
NOTIC: [8] Undefined index: a D:\phpstudy_pro\WWW\singcms\Application\Common\Common\function.php 第 33 行.
NOTIC: [8] Undefined index: a D:\phpstudy_pro\WWW\singcms\Application\Common\Common\function.php 第 33 行.
NOTIC: [8] Undefined index: a D:\phpstudy_pro\WWW\singcms\Application\Common\Common\function.php 第 33 行.
NOTIC: [8] Undefined index: a D:\phpstudy_pro\WWW\singcms\Application\Common\Common\function.php 第 33 行.
INFO: Run Behavior\ParseTemplateBehavior [ RunTime:0.020089s ]
INFO: [ view_parse ] --END-- [ RunTime:0.020104s ]
INFO: [ view_filter ] --START--
INFO: Run Behavior\WriteHtmlCacheBehavior [ RunTime:0.000361s ]
INFO: [ view_filter ] --END-- [ RunTime:0.000380s ]
INFO: [ app_end ] --START--
INFO: Run Behavior\ShowPageTraceBehavior [ RunTime:0.000501s ]
INFO: [ app_end ] --END-- [ RunTime:0.000517s ]

[ 2020-03-06T11:28:38+08:00 ] 127.0.0.1 /admin.php?c=basic
INFO: [ app_init ] --START--
INFO: Run Behavior\BuildLiteBehavior [ RunTime:0.000034s ]
INFO: [ app_init ] --END-- [ RunTime:0.001312s ]
INFO: [ app_begin ] --START--
INFO: Run Behavior\ReadHtmlCacheBehavior [ RunTime:0.000517s ]
INFO: [ app_begin ] --END-- [ RunTime:0.000540s ]
NOTIC: [2] Declaration of Common\Model\BasicModel::save($data = Array) should be compatible with Think\Model::save($data = '', $options = Array) D:\phpstudy_pro\WWW\singcms\Application\Common\Model\BasicModel.class.php 第 9 行.
NOTIC: [2] Declaration of Common\Model\BasicModel::select() should be compatible with Think\Model::select($options = Array) D:\phpstudy_pro\WWW\singcms\Application\Common\Model\BasicModel.class.php 第 9 行.
INFO: [ view_parse ] --START--
INFO: [ template_filter ] --START--
INFO: Run Behavior\ContentReplaceBehavior [ RunTime:0.000022s ]
INFO: [ template_filter ] --END-- [ RunTime:0.000042s ]
NOTIC: [2] Declaration of Common\Model\MenuModel::find($id) should be compatible with Think\Model::find($options = Array) D:\phpstudy_pro\WWW\singcms\Application\Common\Model\MenuModel.class.php 第 92 行.
SQL: SHOW COLUMNS FROM `cms_menu` [ RunTime:0.0070s ]
SQL: SELECT * FROM `cms_menu` WHERE `status` <> -1 AND `type` = 1 ORDER BY listorder desc,menu_id desc  [ RunTime:0.0004s ]
NOTIC: [8] Undefined index: a D:\phpstudy_pro\WWW\singcms\Application\Common\Common\function.php 第 33 行.
NOTIC: [8] Undefined index: a D:\phpstudy_pro\WWW\singcms\Application\Common\Common\function.php 第 33 行.
NOTIC: [8] Undefined index: a D:\phpstudy_pro\WWW\singcms\Application\Common\Common\function.php 第 33 行.
NOTIC: [8] Undefined index: a D:\phpstudy_pro\WWW\singcms\Application\Common\Common\function.php 第 33 行.
NOTIC: [8] Undefined index: a D:\phpstudy_pro\WWW\singcms\Application\Common\Common\function.php 第 33 行.
NOTIC: [8] Undefined index: a D:\phpstudy_pro\WWW\singcms\Application\Common\Common\function.php 第 33 行.
INFO: Run Behavior\ParseTemplateBehavior [ RunTime:0.017618s ]
INFO: [ view_parse ] --END-- [ RunTime:0.017638s ]
INFO: [ view_filter ] --START--
INFO: Run Behavior\WriteHtmlCacheBehavior [ RunTime:0.000445s ]
INFO: [ view_filter ] --END-- [ RunTime:0.000463s ]
INFO: [ app_end ] --START--
INFO: Run Behavior\ShowPageTraceBehavior [ RunTime:0.000585s ]
INFO: [ app_end ] --END-- [ RunTime:0.000602s ]

[ 2020-03-06T11:39:47+08:00 ] 127.0.0.1 /admin.php
INFO: [ app_init ] --START--
INFO: Run Behavior\BuildLiteBehavior [ RunTime:0.000005s ]
INFO: [ app_init ] --END-- [ RunTime:0.000368s ]
INFO: [ app_begin ] --START--
INFO: Run Behavior\ReadHtmlCacheBehavior [ RunTime:0.000443s ]
INFO: [ app_begin ] --END-- [ RunTime:0.000460s ]
NOTIC: [2] Declaration of Common\Model\NewsModel::find($id) should be compatible with Think\Model::find($options = Array) D:\phpstudy_pro\WWW\singcms\Application\Common\Model\NewsModel.class.php 第 9 行.
ERR: SQLSTATE[HY000] [1049] Unknown database 'new_cms'

[ 2020-03-06T11:40:01+08:00 ] 127.0.0.1 /admin.php
INFO: [ app_init ] --START--
INFO: Run Behavior\BuildLiteBehavior [ RunTime:0.000006s ]
INFO: [ app_init ] --END-- [ RunTime:0.000403s ]
INFO: [ app_begin ] --START--
INFO: Run Behavior\ReadHtmlCacheBehavior [ RunTime:0.000397s ]
INFO: [ app_begin ] --END-- [ RunTime:0.000414s ]
NOTIC: [2] Declaration of Common\Model\NewsModel::find($id) should be compatible with Think\Model::find($options = Array) D:\phpstudy_pro\WWW\singcms\Application\Common\Model\NewsModel.class.php 第 9 行.
ERR: SQLSTATE[HY000] [1049] Unknown database 'sing_cms'

[ 2020-03-06T11:40:18+08:00 ] 127.0.0.1 /admin.php
INFO: [ app_init ] --START--
INFO: Run Behavior\BuildLiteBehavior [ RunTime:0.000007s ]
INFO: [ app_init ] --END-- [ RunTime:0.000379s ]
INFO: [ app_begin ] --START--
INFO: Run Behavior\ReadHtmlCacheBehavior [ RunTime:0.000409s ]
INFO: [ app_begin ] --END-- [ RunTime:0.000427s ]
NOTIC: [2] Declaration of Common\Model\NewsModel::find($id) should be compatible with Think\Model::find($options = Array) D:\phpstudy_pro\WWW\singcms\Application\Common\Model\NewsModel.class.php 第 9 行.
SQL: SHOW COLUMNS FROM `cms_news` [ RunTime:0.0081s ]
SQL: SELECT * FROM `cms_news` WHERE `status` = 1 ORDER BY count desc LIMIT 1   [ RunTime:0.0003s ]
SQL: SELECT COUNT(*) AS tp_count FROM `cms_news` WHERE `status` <> -1 LIMIT 1   [ RunTime:0.0002s ]
NOTIC: [2] Declaration of Common\Model\PositionModel::find($id) should be compatible with Think\Model::find($options = Array) D:\phpstudy_pro\WWW\singcms\Application\Common\Model\PositionModel.class.php 第 81 行.
SQL: SHOW COLUMNS FROM `cms_position` [ RunTime:0.0050s ]
SQL: SELECT COUNT(*) AS tp_count FROM `cms_position` WHERE `status` = 1 LIMIT 1   [ RunTime:0.0003s ]
SQL: SHOW COLUMNS FROM `cms_admin` [ RunTime:0.0048s ]
SQL: SELECT COUNT(*) AS tp_count FROM `cms_admin` WHERE `status` = 1 AND `lastlogintime` > 1583424000 LIMIT 1   [ RunTime:0.0002s ]
NOTIC: [2] Illegal string offset 'tp_count' D:\phpstudy_pro\WWW\singcms\Application\Common\Model\AdminModel.class.php 第 75 行.
INFO: [ view_parse ] --START--
INFO: [ template_filter ] --START--
INFO: Run Behavior\ContentReplaceBehavior [ RunTime:0.000029s ]
INFO: [ template_filter ] --END-- [ RunTime:0.000045s ]
NOTIC: [2] Declaration of Common\Model\MenuModel::find($id) should be compatible with Think\Model::find($options = Array) D:\phpstudy_pro\WWW\singcms\Application\Common\Model\MenuModel.class.php 第 92 行.
SQL: SHOW COLUMNS FROM `cms_menu` [ RunTime:0.0054s ]
SQL: SELECT * FROM `cms_menu` WHERE `status` <> -1 AND `type` = 1 ORDER BY listorder desc,menu_id desc  [ RunTime:0.0004s ]
NOTIC: [8] Undefined index: a D:\phpstudy_pro\WWW\singcms\Application\Common\Common\function.php 第 33 行.
NOTIC: [8] Undefined index: a D:\phpstudy_pro\WWW\singcms\Application\Common\Common\function.php 第 33 行.
NOTIC: [8] Undefined index: a D:\phpstudy_pro\WWW\singcms\Application\Common\Common\function.php 第 33 行.
NOTIC: [8] Undefined index: a D:\phpstudy_pro\WWW\singcms\Application\Common\Common\function.php 第 33 行.
NOTIC: [8] Undefined index: a D:\phpstudy_pro\WWW\singcms\Application\Common\Common\function.php 第 33 行.
NOTIC: [8] Undefined index: a D:\phpstudy_pro\WWW\singcms\Application\Common\Common\function.php 第 33 行.
INFO: Run Behavior\ParseTemplateBehavior [ RunTime:0.011641s ]
INFO: [ view_parse ] --END-- [ RunTime:0.011670s ]
INFO: [ view_filter ] --START--
INFO: Run Behavior\WriteHtmlCacheBehavior [ RunTime:0.000576s ]
INFO: [ view_filter ] --END-- [ RunTime:0.000593s ]
INFO: [ app_end ] --START--
INFO: Run Behavior\ShowPageTraceBehavior [ RunTime:0.000573s ]
INFO: [ app_end ] --END-- [ RunTime:0.000590s ]

[ 2020-03-06T11:41:10+08:00 ] 127.0.0.1 /admin.php
INFO: [ app_init ] --START--
INFO: Run Behavior\BuildLiteBehavior [ RunTime:0.000006s ]
INFO: [ app_init ] --END-- [ RunTime:0.000383s ]
INFO: [ app_begin ] --START--
INFO: Run Behavior\ReadHtmlCacheBehavior [ RunTime:0.000504s ]
INFO: [ app_begin ] --END-- [ RunTime:0.000531s ]
NOTIC: [2] Declaration of Common\Model\NewsModel::find($id) should be compatible with Think\Model::find($options = Array) D:\phpstudy_pro\WWW\singcms\Application\Common\Model\NewsModel.class.php 第 9 行.
SQL: SHOW COLUMNS FROM `cms_news` [ RunTime:0.0092s ]
SQL: SELECT * FROM `cms_news` WHERE `status` = 1 ORDER BY count desc LIMIT 1   [ RunTime:0.0003s ]
SQL: SELECT COUNT(*) AS tp_count FROM `cms_news` WHERE `status` <> -1 LIMIT 1   [ RunTime:0.0002s ]
NOTIC: [2] Declaration of Common\Model\PositionModel::find($id) should be compatible with Think\Model::find($options = Array) D:\phpstudy_pro\WWW\singcms\Application\Common\Model\PositionModel.class.php 第 81 行.
SQL: SHOW COLUMNS FROM `cms_position` [ RunTime:0.0041s ]
SQL: SELECT COUNT(*) AS tp_count FROM `cms_position` WHERE `status` = 1 LIMIT 1   [ RunTime:0.0002s ]
SQL: SHOW COLUMNS FROM `cms_admin` [ RunTime:0.0066s ]
SQL: SELECT COUNT(*) AS tp_count FROM `cms_admin` WHERE `status` = 1 AND `lastlogintime` > 1583424000 LIMIT 1   [ RunTime:0.0003s ]
NOTIC: [2] Illegal string offset 'tp_count' D:\phpstudy_pro\WWW\singcms\Application\Common\Model\AdminModel.class.php 第 75 行.
INFO: [ view_parse ] --START--
INFO: [ template_filter ] --START--
INFO: Run Behavior\ContentReplaceBehavior [ RunTime:0.000026s ]
INFO: [ template_filter ] --END-- [ RunTime:0.000042s ]
NOTIC: [2] Declaration of Common\Model\MenuModel::find($id) should be compatible with Think\Model::find($options = Array) D:\phpstudy_pro\WWW\singcms\Application\Common\Model\MenuModel.class.php 第 92 行.
SQL: SHOW COLUMNS FROM `cms_menu` [ RunTime:0.0036s ]
SQL: SELECT * FROM `cms_menu` WHERE `status` <> -1 AND `type` = 1 ORDER BY listorder desc,menu_id desc  [ RunTime:0.0003s ]
NOTIC: [8] Undefined index: a D:\phpstudy_pro\WWW\singcms\Application\Common\Common\function.php 第 33 行.
NOTIC: [8] Undefined index: a D:\phpstudy_pro\WWW\singcms\Application\Common\Common\function.php 第 33 行.
NOTIC: [8] Undefined index: a D:\phpstudy_pro\WWW\singcms\Application\Common\Common\function.php 第 33 行.
NOTIC: [8] Undefined index: a D:\phpstudy_pro\WWW\singcms\Application\Common\Common\function.php 第 33 行.
NOTIC: [8] Undefined index: a D:\phpstudy_pro\WWW\singcms\Application\Common\Common\function.php 第 33 行.
NOTIC: [8] Undefined index: a D:\phpstudy_pro\WWW\singcms\Application\Common\Common\function.php 第 33 行.
INFO: Run Behavior\ParseTemplateBehavior [ RunTime:0.009241s ]
INFO: [ view_parse ] --END-- [ RunTime:0.009254s ]
INFO: [ view_filter ] --START--
INFO: Run Behavior\WriteHtmlCacheBehavior [ RunTime:0.000378s ]
INFO: [ view_filter ] --END-- [ RunTime:0.000392s ]
INFO: [ app_end ] --START--
INFO: Run Behavior\ShowPageTraceBehavior [ RunTime:0.000547s ]
INFO: [ app_end ] --END-- [ RunTime:0.000562s ]

[ 2020-03-06T11:41:12+08:00 ] 127.0.0.1 /admin.php
INFO: [ app_init ] --START--
INFO: Run Behavior\BuildLiteBehavior [ RunTime:0.000005s ]
INFO: [ app_init ] --END-- [ RunTime:0.000322s ]
INFO: [ app_begin ] --START--
INFO: Run Behavior\ReadHtmlCacheBehavior [ RunTime:0.000366s ]
INFO: [ app_begin ] --END-- [ RunTime:0.000382s ]
NOTIC: [2] Declaration of Common\Model\NewsModel::find($id) should be compatible with Think\Model::find($options = Array) D:\phpstudy_pro\WWW\singcms\Application\Common\Model\NewsModel.class.php 第 9 行.
SQL: SHOW COLUMNS FROM `cms_news` [ RunTime:0.0070s ]
SQL: SELECT * FROM `cms_news` WHERE `status` = 1 ORDER BY count desc LIMIT 1   [ RunTime:0.0003s ]
SQL: SELECT COUNT(*) AS tp_count FROM `cms_news` WHERE `status` <> -1 LIMIT 1   [ RunTime:0.0002s ]
NOTIC: [2] Declaration of Common\Model\PositionModel::find($id) should be compatible with Think\Model::find($options = Array) D:\phpstudy_pro\WWW\singcms\Application\Common\Model\PositionModel.class.php 第 81 行.
SQL: SHOW COLUMNS FROM `cms_position` [ RunTime:0.0036s ]
SQL: SELECT COUNT(*) AS tp_count FROM `cms_position` WHERE `status` = 1 LIMIT 1   [ RunTime:0.0003s ]
SQL: SHOW COLUMNS FROM `cms_admin` [ RunTime:0.0187s ]
SQL: SELECT COUNT(*) AS tp_count FROM `cms_admin` WHERE `status` = 1 AND `lastlogintime` > 1583424000 LIMIT 1   [ RunTime:0.0004s ]
NOTIC: [2] Illegal string offset 'tp_count' D:\phpstudy_pro\WWW\singcms\Application\Common\Model\AdminModel.class.php 第 75 行.
INFO: [ view_parse ] --START--
INFO: [ template_filter ] --START--
INFO: Run Behavior\ContentReplaceBehavior [ RunTime:0.000027s ]
INFO: [ template_filter ] --END-- [ RunTime:0.000044s ]
NOTIC: [2] Declaration of Common\Model\MenuModel::find($id) should be compatible with Think\Model::find($options = Array) D:\phpstudy_pro\WWW\singcms\Application\Common\Model\MenuModel.class.php 第 92 行.
SQL: SHOW COLUMNS FROM `cms_menu` [ RunTime:0.0038s ]
SQL: SELECT * FROM `cms_menu` WHERE `status` <> -1 AND `type` = 1 ORDER BY listorder desc,menu_id desc  [ RunTime:0.0003s ]
NOTIC: [8] Undefined index: a D:\phpstudy_pro\WWW\singcms\Application\Common\Common\function.php 第 33 行.
NOTIC: [8] Undefined index: a D:\phpstudy_pro\WWW\singcms\Application\Common\Common\function.php 第 33 行.
NOTIC: [8] Undefined index: a D:\phpstudy_pro\WWW\singcms\Application\Common\Common\function.php 第 33 行.
NOTIC: [8] Undefined index: a D:\phpstudy_pro\WWW\singcms\Application\Common\Common\function.php 第 33 行.
NOTIC: [8] Undefined index: a D:\phpstudy_pro\WWW\singcms\Application\Common\Common\function.php 第 33 行.
NOTIC: [8] Undefined index: a D:\phpstudy_pro\WWW\singcms\Application\Common\Common\function.php 第 33 行.
INFO: Run Behavior\ParseTemplateBehavior [ RunTime:0.010435s ]
INFO: [ view_parse ] --END-- [ RunTime:0.010449s ]
INFO: [ view_filter ] --START--
INFO: Run Behavior\WriteHtmlCacheBehavior [ RunTime:0.000352s ]
INFO: [ view_filter ] --END-- [ RunTime:0.000366s ]
INFO: [ app_end ] --START--
INFO: Run Behavior\ShowPageTraceBehavior [ RunTime:0.000442s ]
INFO: [ app_end ] --END-- [ RunTime:0.000457s ]

[ 2020-03-06T11:41:50+08:00 ] 127.0.0.1 /admin.php
INFO: [ app_init ] --START--
INFO: Run Behavior\BuildLiteBehavior [ RunTime:0.000005s ]
INFO: [ app_init ] --END-- [ RunTime:0.000328s ]
INFO: [ app_begin ] --START--
INFO: Run Behavior\ReadHtmlCacheBehavior [ RunTime:0.000387s ]
INFO: [ app_begin ] --END-- [ RunTime:0.000403s ]
NOTIC: [2] Declaration of Common\Model\NewsModel::find($id) should be compatible with Think\Model::find($options = Array) D:\phpstudy_pro\WWW\singcms\Application\Common\Model\NewsModel.class.php 第 9 行.
SQL: SHOW COLUMNS FROM `cms_news` [ RunTime:0.0078s ]
SQL: SELECT * FROM `cms_news` WHERE `status` = 1 ORDER BY count desc LIMIT 1   [ RunTime:0.0003s ]
SQL: SELECT COUNT(*) AS tp_count FROM `cms_news` WHERE `status` <> -1 LIMIT 1   [ RunTime:0.0002s ]
NOTIC: [2] Declaration of Common\Model\PositionModel::find($id) should be compatible with Think\Model::find($options = Array) D:\phpstudy_pro\WWW\singcms\Application\Common\Model\PositionModel.class.php 第 81 行.
SQL: SHOW COLUMNS FROM `cms_position` [ RunTime:0.0038s ]
SQL: SELECT COUNT(*) AS tp_count FROM `cms_position` WHERE `status` = 1 LIMIT 1   [ RunTime:0.0002s ]
SQL: SHOW COLUMNS FROM `cms_admin` [ RunTime:0.0037s ]
SQL: SELECT COUNT(*) AS tp_count FROM `cms_admin` WHERE `status` = 1 AND `lastlogintime` > 1583424000 LIMIT 1   [ RunTime:0.0002s ]
NOTIC: [2] Illegal string offset 'tp_count' D:\phpstudy_pro\WWW\singcms\Application\Common\Model\AdminModel.class.php 第 75 行.
INFO: [ view_parse ] --START--
INFO: [ template_filter ] --START--
INFO: Run Behavior\ContentReplaceBehavior [ RunTime:0.000027s ]
INFO: [ template_filter ] --END-- [ RunTime:0.000046s ]
NOTIC: [2] Declaration of Common\Model\MenuModel::find($id) should be compatible with Think\Model::find($options = Array) D:\phpstudy_pro\WWW\singcms\Application\Common\Model\MenuModel.class.php 第 92 行.
SQL: SHOW COLUMNS FROM `cms_menu` [ RunTime:0.0041s ]
SQL: SELECT * FROM `cms_menu` WHERE `status` <> -1 AND `type` = 1 ORDER BY listorder desc,menu_id desc  [ RunTime:0.0003s ]
NOTIC: [8] Undefined index: a D:\phpstudy_pro\WWW\singcms\Application\Common\Common\function.php 第 33 行.
NOTIC: [8] Undefined index: a D:\phpstudy_pro\WWW\singcms\Application\Common\Common\function.php 第 33 行.
NOTIC: [8] Undefined index: a D:\phpstudy_pro\WWW\singcms\Application\Common\Common\function.php 第 33 行.
NOTIC: [8] Undefined index: a D:\phpstudy_pro\WWW\singcms\Application\Common\Common\function.php 第 33 行.
NOTIC: [8] Undefined index: a D:\phpstudy_pro\WWW\singcms\Application\Common\Common\function.php 第 33 行.
NOTIC: [8] Undefined index: a D:\phpstudy_pro\WWW\singcms\Application\Common\Common\function.php 第 33 行.
INFO: Run Behavior\ParseTemplateBehavior [ RunTime:0.009954s ]
INFO: [ view_parse ] --END-- [ RunTime:0.009965s ]
INFO: [ view_filter ] --START--
INFO: Run Behavior\WriteHtmlCacheBehavior [ RunTime:0.000364s ]
INFO: [ view_filter ] --END-- [ RunTime:0.000379s ]
INFO: [ app_end ] --START--
INFO: Run Behavior\ShowPageTraceBehavior [ RunTime:0.000623s ]
INFO: [ app_end ] --END-- [ RunTime:0.000639s ]

[ 2020-03-06T11:41:52+08:00 ] 127.0.0.1 /admin.php?c=position
INFO: [ app_init ] --START--
INFO: Run Behavior\BuildLiteBehavior [ RunTime:0.000007s ]
INFO: [ app_init ] --END-- [ RunTime:0.000396s ]
INFO: [ app_begin ] --START--
INFO: Run Behavior\ReadHtmlCacheBehavior [ RunTime:0.000626s ]
INFO: [ app_begin ] --END-- [ RunTime:0.000654s ]
NOTIC: [2] Declaration of Admin\Controller\PositionController::setStatus() should be compatible with Admin\Controller\CommonController::setStatus($data, $models) D:\phpstudy_pro\WWW\singcms\Application\Admin\Controller\PositionController.class.php 第 7 行.
NOTIC: [2] Declaration of Common\Model\PositionModel::find($id) should be compatible with Think\Model::find($options = Array) D:\phpstudy_pro\WWW\singcms\Application\Common\Model\PositionModel.class.php 第 9 行.
SQL: SHOW COLUMNS FROM `cms_position` [ RunTime:0.0070s ]
SQL: SELECT * FROM `cms_position` WHERE `status` <> -1 ORDER BY id  [ RunTime:0.0002s ]
INFO: [ view_parse ] --START--
INFO: [ template_filter ] --START--
INFO: Run Behavior\ContentReplaceBehavior [ RunTime:0.000022s ]
INFO: [ template_filter ] --END-- [ RunTime:0.000037s ]
NOTIC: [2] Declaration of Common\Model\MenuModel::find($id) should be compatible with Think\Model::find($options = Array) D:\phpstudy_pro\WWW\singcms\Application\Common\Model\MenuModel.class.php 第 92 行.
SQL: SHOW COLUMNS FROM `cms_menu` [ RunTime:0.0061s ]
SQL: SELECT * FROM `cms_menu` WHERE `status` <> -1 AND `type` = 1 ORDER BY listorder desc,menu_id desc  [ RunTime:0.0003s ]
NOTIC: [8] Undefined index: a D:\phpstudy_pro\WWW\singcms\Application\Common\Common\function.php 第 33 行.
NOTIC: [8] Undefined index: a D:\phpstudy_pro\WWW\singcms\Application\Common\Common\function.php 第 33 行.
NOTIC: [8] Undefined index: a D:\phpstudy_pro\WWW\singcms\Application\Common\Common\function.php 第 33 行.
NOTIC: [8] Undefined index: a D:\phpstudy_pro\WWW\singcms\Application\Common\Common\function.php 第 33 行.
NOTIC: [8] Undefined index: a D:\phpstudy_pro\WWW\singcms\Application\Common\Common\function.php 第 33 行.
NOTIC: [8] Undefined index: a D:\phpstudy_pro\WWW\singcms\Application\Common\Common\function.php 第 33 行.
INFO: Run Behavior\ParseTemplateBehavior [ RunTime:0.011452s ]
INFO: [ view_parse ] --END-- [ RunTime:0.011465s ]
INFO: [ view_filter ] --START--
INFO: Run Behavior\WriteHtmlCacheBehavior [ RunTime:0.000478s ]
INFO: [ view_filter ] --END-- [ RunTime:0.000503s ]
INFO: [ app_end ] --START--
INFO: Run Behavior\ShowPageTraceBehavior [ RunTime:0.000556s ]
INFO: [ app_end ] --END-- [ RunTime:0.000570s ]

[ 2020-03-06T11:41:53+08:00 ] 127.0.0.1 /admin.php?c=content
INFO: [ app_init ] --START--
INFO: Run Behavior\BuildLiteBehavior [ RunTime:0.000005s ]
INFO: [ app_init ] --END-- [ RunTime:0.000338s ]
INFO: [ app_begin ] --START--
INFO: Run Behavior\ReadHtmlCacheBehavior [ RunTime:0.000415s ]
INFO: [ app_begin ] --END-- [ RunTime:0.000431s ]
NOTIC: [2] Declaration of Admin\Controller\ContentController::setStatus() should be compatible with Admin\Controller\CommonController::setStatus($data, $models) D:\phpstudy_pro\WWW\singcms\Application\Admin\Controller\ContentController.class.php 第 12 行.
NOTIC: [2] Declaration of Admin\Controller\ContentController::listorder() should be compatible with Admin\Controller\CommonController::listorder($model = '') D:\phpstudy_pro\WWW\singcms\Application\Admin\Controller\ContentController.class.php 第 12 行.
NOTIC: [8] Undefined index: title D:\phpstudy_pro\WWW\singcms\Application\Admin\Controller\ContentController.class.php 第 16 行.
NOTIC: [8] Undefined index: catid D:\phpstudy_pro\WWW\singcms\Application\Admin\Controller\ContentController.class.php 第 20 行.
NOTIC: [8] Undefined index: p D:\phpstudy_pro\WWW\singcms\Application\Admin\Controller\ContentController.class.php 第 24 行.
NOTIC: [2] Declaration of Common\Model\NewsModel::find($id) should be compatible with Think\Model::find($options = Array) D:\phpstudy_pro\WWW\singcms\Application\Common\Model\NewsModel.class.php 第 9 行.
SQL: SHOW COLUMNS FROM `cms_news` [ RunTime:0.0053s ]
SQL: SELECT * FROM `cms_news` WHERE `status` <> -1 ORDER BY listorder desc ,news_id desc LIMIT 0,10   [ RunTime:0.0003s ]
SQL: SELECT COUNT(*) AS tp_count FROM `cms_news` WHERE `status` <> -1 LIMIT 1   [ RunTime:0.0002s ]
NOTIC: [8] Undefined variable: sing_path D:\phpstudy_pro\WWW\singcms\ThinkPHP\Common\functions.php 第 991 行.
NOTIC: [2] Declaration of Common\Model\PositionModel::find($id) should be compatible with Think\Model::find($options = Array) D:\phpstudy_pro\WWW\singcms\Application\Common\Model\PositionModel.class.php 第 81 行.
SQL: SHOW COLUMNS FROM `cms_position` [ RunTime:0.0039s ]
SQL: SELECT * FROM `cms_position` WHERE `status` = 1 ORDER BY id  [ RunTime:0.0002s ]
NOTIC: [2] Declaration of Common\Model\MenuModel::find($id) should be compatible with Think\Model::find($options = Array) D:\phpstudy_pro\WWW\singcms\Application\Common\Model\MenuModel.class.php 第 92 行.
SQL: SHOW COLUMNS FROM `cms_menu` [ RunTime:0.0044s ]
SQL: SELECT * FROM `cms_menu` WHERE `status` = 1 AND `type` = 0 ORDER BY listorder desc,menu_id desc  [ RunTime:0.0007s ]
INFO: [ view_parse ] --START--
INFO: [ template_filter ] --START--
INFO: Run Behavior\ContentReplaceBehavior [ RunTime:0.000027s ]
INFO: [ template_filter ] --END-- [ RunTime:0.000043s ]
SQL: SELECT * FROM `cms_menu` WHERE `status` <> -1 AND `type` = 1 ORDER BY listorder desc,menu_id desc  [ RunTime:0.0004s ]
NOTIC: [8] Undefined index: a D:\phpstudy_pro\WWW\singcms\Application\Common\Common\function.php 第 33 行.
NOTIC: [8] Undefined index: a D:\phpstudy_pro\WWW\singcms\Application\Common\Common\function.php 第 33 行.
NOTIC: [8] Undefined index: a D:\phpstudy_pro\WWW\singcms\Application\Common\Common\function.php 第 33 行.
NOTIC: [8] Undefined index: a D:\phpstudy_pro\WWW\singcms\Application\Common\Common\function.php 第 33 行.
NOTIC: [8] Undefined index: a D:\phpstudy_pro\WWW\singcms\Application\Common\Common\function.php 第 33 行.
NOTIC: [8] Undefined index: a D:\phpstudy_pro\WWW\singcms\Application\Common\Common\function.php 第 33 行.
INFO: Run Behavior\ParseTemplateBehavior [ RunTime:0.005986s ]
INFO: [ view_parse ] --END-- [ RunTime:0.006000s ]
INFO: [ view_filter ] --START--
INFO: Run Behavior\WriteHtmlCacheBehavior [ RunTime:0.000379s ]
INFO: [ view_filter ] --END-- [ RunTime:0.000393s ]
INFO: [ app_end ] --START--
INFO: Run Behavior\ShowPageTraceBehavior [ RunTime:0.000484s ]
INFO: [ app_end ] --END-- [ RunTime:0.000501s ]

